2006.06.22 09:11 B D:\SOFTWARE\Homepage\Homepage_Gen_3\Virtual Site\pictures\MartiniToren.jpg --> home.planet.nl /pictures MartiniToren.jpg
2006.06.22 09:11 B D:\SOFTWARE\Homepage\Homepage_Gen_3\Virtual Site\pictures\molens.jpg --> home.planet.nl /pictures molens.jpg
2006.06.22 09:11 B D:\SOFTWARE\Homepage\Homepage_Gen_3\Virtual Site\pictures\molens_kinderdijk.jpg --> home.planet.nl /pictures molens_kinderdijk.jpg
2006.06.22 09:11 B D:\SOFTWARE\Homepage\Homepage_Gen_3\Virtual Site\pictures\Thumbs.db --> home.planet.nl /pictures Thumbs.db
2007.03.13 12:56 B d:\software\Homepage\Homepage_Gen_Planet\Virtual Site\pictures\Schets_Martinitoren.jpg --> home.planet.nl /pictures Schets_Martinitoren.jpg
2007.10.26 09:00 B D:\Opslag\Stamboom_temp\Homepage\Homepage_Gen_Planet\Virtual Site\pictures\MartiniToren.jpg --> members.upc.nl /pictures MartiniToren.jpg
2007.10.26 09:00 B D:\Opslag\Stamboom_temp\Homepage\Homepage_Gen_Planet\Virtual Site\pictures\molens.jpg --> members.upc.nl /pictures molens.jpg
2007.10.26 09:00 B D:\Opslag\Stamboom_temp\Homepage\Homepage_Gen_Planet\Virtual Site\pictures\molens_kinderdijk.jpg --> members.upc.nl /pictures molens_kinderdijk.jpg
2007.10.26 09:00 B D:\Opslag\Stamboom_temp\Homepage\Homepage_Gen_Planet\Virtual Site\pictures\Schets_Martinitoren.jpg --> members.upc.nl /pictures Schets_Martinitoren.jpg
2007.10.26 09:00 B D:\Opslag\Stamboom_temp\Homepage\Homepage_Gen_Planet\Virtual Site\pictures\Thumbs.db --> members.upc.nl /pictures Thumbs.db
2007.10.26 09:00 B D:\Opslag\Stamboom_temp\Homepage\Homepage_Gen_Planet\Virtual Site\pictures\WS_FTP.LOG --> members.upc.nl /pictures WS_FTP.LOG
2012.02.04 11:05 B D:\Opslag\Stamboom_temp\Homepage\HomepageUPC_Albert\Virtual Site\pictures\MartiniToren.jpg --> users.skynet.be /pictures MartiniToren.jpg
2012.02.04 11:05 B D:\Opslag\Stamboom_temp\Homepage\HomepageUPC_Albert\Virtual Site\pictures\molens.jpg --> users.skynet.be /pictures molens.jpg
2012.02.04 11:05 B D:\Opslag\Stamboom_temp\Homepage\HomepageUPC_Albert\Virtual Site\pictures\molens_kinderdijk.jpg --> users.skynet.be /pictures molens_kinderdijk.jpg
2012.02.04 11:05 B D:\Opslag\Stamboom_temp\Homepage\HomepageUPC_Albert\Virtual Site\pictures\Schets_Martinitoren.jpg --> users.skynet.be /pictures Schets_Martinitoren.jpg
2012.02.04 11:05 B D:\Opslag\Stamboom_temp\Homepage\HomepageUPC_Albert\Virtual Site\pictures\Thumbs.db --> users.skynet.be /pictures Thumbs.db
2012.02.04 11:05 B D:\Opslag\Stamboom_temp\Homepage\HomepageUPC_Albert\Virtual Site\pictures\WS_FTP.LOG --> users.skynet.be /pictures WS_FTP.LOG
2012.02.06 09:27 B D:\Opslag\Stamboom_temp\Homepage\HomepageUPC_Albert\Virtual Site\pictures\MartiniToren.jpg --> members.upc.nl /pictures MartiniToren.jpg
2012.02.06 09:27 B D:\Opslag\Stamboom_temp\Homepage\HomepageUPC_Albert\Virtual Site\pictures\molens.jpg --> members.upc.nl /pictures molens.jpg
2012.02.06 09:27 B D:\Opslag\Stamboom_temp\Homepage\HomepageUPC_Albert\Virtual Site\pictures\molens_kinderdijk.jpg --> members.upc.nl /pictures molens_kinderdijk.jpg
2012.02.06 09:27 B D:\Opslag\Stamboom_temp\Homepage\HomepageUPC_Albert\Virtual Site\pictures\Schets_Martinitoren.jpg --> members.upc.nl /pictures Schets_Martinitoren.jpg
2012.02.06 09:27 B D:\Opslag\Stamboom_temp\Homepage\HomepageUPC_Albert\Virtual Site\pictures\Thumbs.db --> members.upc.nl /pictures Thumbs.db
2012.02.06 09:27 B D:\Opslag\Stamboom_temp\Homepage\HomepageUPC_Albert\Virtual Site\pictures\WS_FTP.LOG --> members.upc.nl /pictures WS_FTP.LOG
2012.02.06 11:08 B D:\Opslag\Stamboom_temp\Homepage\HomepageUPC_Albert\Virtual Site\pictures\MartiniToren.jpg --> members.upc.nl /pictures MartiniToren.jpg
2012.02.06 11:08 B D:\Opslag\Stamboom_temp\Homepage\HomepageUPC_Albert\Virtual Site\pictures\molens.jpg --> members.upc.nl /pictures molens.jpg
2012.02.06 11:08 B D:\Opslag\Stamboom_temp\Homepage\HomepageUPC_Albert\Virtual Site\pictures\molens_kinderdijk.jpg --> members.upc.nl /pictures molens_kinderdijk.jpg
2012.02.06 11:08 B D:\Opslag\Stamboom_temp\Homepage\HomepageUPC_Albert\Virtual Site\pictures\Schets_Martinitoren.jpg --> members.upc.nl /pictures Schets_Martinitoren.jpg
2012.02.06 11:08 B D:\Opslag\Stamboom_temp\Homepage\HomepageUPC_Albert\Virtual Site\pictures\Thumbs.db --> members.upc.nl /pictures Thumbs.db
2012.02.06 11:08 B D:\Opslag\Stamboom_temp\Homepage\HomepageUPC_Albert\Virtual Site\pictures\WS_FTP.LOG --> members.upc.nl /pictures WS_FTP.LOG
2021.01.27 15:42 B E:\Opslag\Stamboom_temp\Homepage\Homepage_bij_Noelle_KPN\Genealogy\pictures\MartiniToren.jpg --> home.kpn.nl /Genealogy/pictures MartiniToren.jpg
2021.01.27 15:42 B E:\Opslag\Stamboom_temp\Homepage\Homepage_bij_Noelle_KPN\Genealogy\pictures\molens.jpg --> home.kpn.nl /Genealogy/pictures molens.jpg
2021.01.27 15:42 B E:\Opslag\Stamboom_temp\Homepage\Homepage_bij_Noelle_KPN\Genealogy\pictures\molens_kinderdijk.jpg --> home.kpn.nl /Genealogy/pictures molens_kinderdijk.jpg
2021.01.27 15:42 B E:\Opslag\Stamboom_temp\Homepage\Homepage_bij_Noelle_KPN\Genealogy\pictures\Schets_Martinitoren.jpg --> home.kpn.nl /Genealogy/pictures Schets_Martinitoren.jpg
2021.01.27 15:42 B E:\Opslag\Stamboom_temp\Homepage\Homepage_bij_Noelle_KPN\Genealogy\pictures\Thumbs.db --> home.kpn.nl /Genealogy/pictures Thumbs.db
2021.01.27 15:42 B E:\Opslag\Stamboom_temp\Homepage\Homepage_bij_Noelle_KPN\Genealogy\pictures\WS_FTP.LOG --> home.kpn.nl /Genealogy/pictures WS_FTP.LOG
2021.01.28 13:34 B E:\Opslag\Stamboom_temp\Homepage\Homepage_bij_Noelle_KPN\Genealogy\pictures\MartiniToren.jpg --> home.kpn.nl /Genealogy/pictures MartiniToren.jpg
2021.01.28 13:34 B E:\Opslag\Stamboom_temp\Homepage\Homepage_bij_Noelle_KPN\Genealogy\pictures\MartiniToren.png --> home.kpn.nl /Genealogy/pictures MartiniToren.png
2021.01.28 13:34 B E:\Opslag\Stamboom_temp\Homepage\Homepage_bij_Noelle_KPN\Genealogy\pictures\molens.jpg --> home.kpn.nl /Genealogy/pictures molens.jpg
2021.01.28 13:34 B E:\Opslag\Stamboom_temp\Homepage\Homepage_bij_Noelle_KPN\Genealogy\pictures\molens.png --> home.kpn.nl /Genealogy/pictures molens.png
2021.01.28 13:34 B E:\Opslag\Stamboom_temp\Homepage\Homepage_bij_Noelle_KPN\Genealogy\pictures\molens_kinderdijk.jpg --> home.kpn.nl /Genealogy/pictures molens_kinderdijk.jpg
2021.01.28 13:34 B E:\Opslag\Stamboom_temp\Homepage\Homepage_bij_Noelle_KPN\Genealogy\pictures\molens_kinderdijk.png --> home.kpn.nl /Genealogy/pictures molens_kinderdijk.png
2021.01.28 13:34 B E:\Opslag\Stamboom_temp\Homepage\Homepage_bij_Noelle_KPN\Genealogy\pictures\Schets_Martinitoren.jpg --> home.kpn.nl /Genealogy/pictures Schets_Martinitoren.jpg
2021.01.28 13:34 B E:\Opslag\Stamboom_temp\Homepage\Homepage_bij_Noelle_KPN\Genealogy\pictures\Schets_Martinitoren.png --> home.kpn.nl /Genealogy/pictures Schets_Martinitoren.png
2021.01.28 13:59 B E:\Opslag\Stamboom_temp\Homepage\Homepage_bij_Noelle_KPN\Genealogy\pictures\MartiniToren.jpg --> home.kpn.nl /Genealogy/pictures MartiniToren.jpg
2021.01.28 13:59 B E:\Opslag\Stamboom_temp\Homepage\Homepage_bij_Noelle_KPN\Genealogy\pictures\MartiniToren.png --> home.kpn.nl /Genealogy/pictures MartiniToren.png
2021.01.28 13:59 B E:\Opslag\Stamboom_temp\Homepage\Homepage_bij_Noelle_KPN\Genealogy\pictures\molens.jpg --> home.kpn.nl /Genealogy/pictures molens.jpg
2021.01.28 13:59 B E:\Opslag\Stamboom_temp\Homepage\Homepage_bij_Noelle_KPN\Genealogy\pictures\molens.png --> home.kpn.nl /Genealogy/pictures molens.png
2021.01.28 13:59 B E:\Opslag\Stamboom_temp\Homepage\Homepage_bij_Noelle_KPN\Genealogy\pictures\molenskinderdijk.jpg --> home.kpn.nl /Genealogy/pictures molenskinderdijk.jpg
2021.01.28 13:59 B E:\Opslag\Stamboom_temp\Homepage\Homepage_bij_Noelle_KPN\Genealogy\pictures\molenskinderdijk.png --> home.kpn.nl /Genealogy/pictures molenskinderdijk.png
2021.01.28 13:59 B E:\Opslag\Stamboom_temp\Homepage\Homepage_bij_Noelle_KPN\Genealogy\pictures\SchetsMartinitoren.jpg --> home.kpn.nl /Genealogy/pictures SchetsMartinitoren.jpg
2021.01.28 13:59 B E:\Opslag\Stamboom_temp\Homepage\Homepage_bij_Noelle_KPN\Genealogy\pictures\SchetsMartinitoren.png --> home.kpn.nl /Genealogy/pictures SchetsMartinitoren.png
