2018.09.16 11:56 B D:\Opslag\Stamboom_temp\Homepage\FamilyPrins\Astronomy\Lorentz FitzGerald Contraction_files\colorschememapping.xml --> home.kpn.nl /Astronomy/Lorentz FitzGerald Contraction_files colorschememapping.xml
2018.09.16 11:56 B D:\Opslag\Stamboom_temp\Homepage\FamilyPrins\Astronomy\Lorentz FitzGerald Contraction_files\filelist.xml --> home.kpn.nl /Astronomy/Lorentz FitzGerald Contraction_files filelist.xml
2018.09.16 11:56 B D:\Opslag\Stamboom_temp\Homepage\FamilyPrins\Astronomy\Lorentz FitzGerald Contraction_files\image002.png --> home.kpn.nl /Astronomy/Lorentz FitzGerald Contraction_files image002.png
2018.09.16 11:56 B D:\Opslag\Stamboom_temp\Homepage\FamilyPrins\Astronomy\Lorentz FitzGerald Contraction_files\image003.gif --> home.kpn.nl /Astronomy/Lorentz FitzGerald Contraction_files image003.gif
2018.09.16 11:56 B D:\Opslag\Stamboom_temp\Homepage\FamilyPrins\Astronomy\Lorentz FitzGerald Contraction_files\image005.gif --> home.kpn.nl /Astronomy/Lorentz FitzGerald Contraction_files image005.gif
2018.09.16 11:56 B D:\Opslag\Stamboom_temp\Homepage\FamilyPrins\Astronomy\Lorentz FitzGerald Contraction_files\image006.png --> home.kpn.nl /Astronomy/Lorentz FitzGerald Contraction_files image006.png
2018.09.16 11:56 B D:\Opslag\Stamboom_temp\Homepage\FamilyPrins\Astronomy\Lorentz FitzGerald Contraction_files\image007.gif --> home.kpn.nl /Astronomy/Lorentz FitzGerald Contraction_files image007.gif
2018.09.16 11:56 B D:\Opslag\Stamboom_temp\Homepage\FamilyPrins\Astronomy\Lorentz FitzGerald Contraction_files\image009.gif --> home.kpn.nl /Astronomy/Lorentz FitzGerald Contraction_files image009.gif
2018.09.16 11:56 B D:\Opslag\Stamboom_temp\Homepage\FamilyPrins\Astronomy\Lorentz FitzGerald Contraction_files\image010.png --> home.kpn.nl /Astronomy/Lorentz FitzGerald Contraction_files image010.png
2018.09.16 11:56 B D:\Opslag\Stamboom_temp\Homepage\FamilyPrins\Astronomy\Lorentz FitzGerald Contraction_files\image011.gif --> home.kpn.nl /Astronomy/Lorentz FitzGerald Contraction_files image011.gif
2018.09.16 11:56 B D:\Opslag\Stamboom_temp\Homepage\FamilyPrins\Astronomy\Lorentz FitzGerald Contraction_files\image013.gif --> home.kpn.nl /Astronomy/Lorentz FitzGerald Contraction_files image013.gif
2018.09.16 11:56 B D:\Opslag\Stamboom_temp\Homepage\FamilyPrins\Astronomy\Lorentz FitzGerald Contraction_files\image014.png --> home.kpn.nl /Astronomy/Lorentz FitzGerald Contraction_files image014.png
2018.09.16 11:56 B D:\Opslag\Stamboom_temp\Homepage\FamilyPrins\Astronomy\Lorentz FitzGerald Contraction_files\image015.png --> home.kpn.nl /Astronomy/Lorentz FitzGerald Contraction_files image015.png
2018.09.16 11:56 B D:\Opslag\Stamboom_temp\Homepage\FamilyPrins\Astronomy\Lorentz FitzGerald Contraction_files\image017.gif --> home.kpn.nl /Astronomy/Lorentz FitzGerald Contraction_files image017.gif
2018.09.16 11:56 B D:\Opslag\Stamboom_temp\Homepage\FamilyPrins\Astronomy\Lorentz FitzGerald Contraction_files\image018.png --> home.kpn.nl /Astronomy/Lorentz FitzGerald Contraction_files image018.png
2018.09.16 11:56 B D:\Opslag\Stamboom_temp\Homepage\FamilyPrins\Astronomy\Lorentz FitzGerald Contraction_files\image019.png --> home.kpn.nl /Astronomy/Lorentz FitzGerald Contraction_files image019.png
2018.09.16 11:56 B D:\Opslag\Stamboom_temp\Homepage\FamilyPrins\Astronomy\Lorentz FitzGerald Contraction_files\image021.gif --> home.kpn.nl /Astronomy/Lorentz FitzGerald Contraction_files image021.gif
2018.09.16 11:56 B D:\Opslag\Stamboom_temp\Homepage\FamilyPrins\Astronomy\Lorentz FitzGerald Contraction_files\image023.gif --> home.kpn.nl /Astronomy/Lorentz FitzGerald Contraction_files image023.gif
2018.09.16 11:56 B D:\Opslag\Stamboom_temp\Homepage\FamilyPrins\Astronomy\Lorentz FitzGerald Contraction_files\image024.gif --> home.kpn.nl /Astronomy/Lorentz FitzGerald Contraction_files image024.gif
2018.09.16 11:56 B D:\Opslag\Stamboom_temp\Homepage\FamilyPrins\Astronomy\Lorentz FitzGerald Contraction_files\image025.gif --> home.kpn.nl /Astronomy/Lorentz FitzGerald Contraction_files image025.gif
2018.09.16 11:56 B D:\Opslag\Stamboom_temp\Homepage\FamilyPrins\Astronomy\Lorentz FitzGerald Contraction_files\image026.gif --> home.kpn.nl /Astronomy/Lorentz FitzGerald Contraction_files image026.gif
2018.09.16 11:56 B D:\Opslag\Stamboom_temp\Homepage\FamilyPrins\Astronomy\Lorentz FitzGerald Contraction_files\image027.gif --> home.kpn.nl /Astronomy/Lorentz FitzGerald Contraction_files image027.gif
2018.09.16 11:56 B D:\Opslag\Stamboom_temp\Homepage\FamilyPrins\Astronomy\Lorentz FitzGerald Contraction_files\image037.png --> home.kpn.nl /Astronomy/Lorentz FitzGerald Contraction_files image037.png
2018.09.16 11:56 B D:\Opslag\Stamboom_temp\Homepage\FamilyPrins\Astronomy\Lorentz FitzGerald Contraction_files\image039.png --> home.kpn.nl /Astronomy/Lorentz FitzGerald Contraction_files image039.png
2018.09.16 11:56 B D:\Opslag\Stamboom_temp\Homepage\FamilyPrins\Astronomy\Lorentz FitzGerald Contraction_files\image041.png --> home.kpn.nl /Astronomy/Lorentz FitzGerald Contraction_files image041.png
2018.09.16 11:56 B D:\Opslag\Stamboom_temp\Homepage\FamilyPrins\Astronomy\Lorentz FitzGerald Contraction_files\image043.png --> home.kpn.nl /Astronomy/Lorentz FitzGerald Contraction_files image043.png
2018.09.16 11:56 B D:\Opslag\Stamboom_temp\Homepage\FamilyPrins\Astronomy\Lorentz FitzGerald Contraction_files\image045.png --> home.kpn.nl /Astronomy/Lorentz FitzGerald Contraction_files image045.png
2018.09.16 11:56 B D:\Opslag\Stamboom_temp\Homepage\FamilyPrins\Astronomy\Lorentz FitzGerald Contraction_files\themedata.thmx --> home.kpn.nl /Astronomy/Lorentz FitzGerald Contraction_files themedata.thmx
2021.01.27 10:59 B E:\Opslag\Stamboom_temp\Homepage\Homepage_bij_Noelle_KPN\Astronomy\Lorentz FitzGerald Contraction_files\WS_FTP.LOG --> home.kpn.nl /Astronomy/Lorentz FitzGerald Contraction_files WS_FTP.LOG
2021.01.27 13:39 B E:\Opslag\Stamboom_temp\Homepage\Homepage_bij_Noelle_KPN\Astronomy\Lorentz FitzGerald Contraction_files\WS_FTP.LOG --> home.kpn.nl /Astronomy/Lorentz FitzGerald Contraction_files WS_FTP.LOG
