2021.01.27 15:42 B E:\Opslag\Stamboom_temp\Homepage\Homepage_bij_Noelle_KPN\Genealogy\keesmaat_gen\media\103pietjehomoet.jpg --> home.kpn.nl /Genealogy/keesmaat_gen/media 103pietjehomoet.jpg
2021.01.27 15:42 B E:\Opslag\Stamboom_temp\Homepage\Homepage_bij_Noelle_KPN\Genealogy\keesmaat_gen\media\147adrispeksnijder.jpg --> home.kpn.nl /Genealogy/keesmaat_gen/media 147adrispeksnijder.jpg
2021.01.27 15:42 B E:\Opslag\Stamboom_temp\Homepage\Homepage_bij_Noelle_KPN\Genealogy\keesmaat_gen\media\148-gerard_baas.jpg --> home.kpn.nl /Genealogy/keesmaat_gen/media 148-gerard_baas.jpg
2021.01.27 15:42 B E:\Opslag\Stamboom_temp\Homepage\Homepage_bij_Noelle_KPN\Genealogy\keesmaat_gen\media\152marieboth.jpg --> home.kpn.nl /Genealogy/keesmaat_gen/media 152marieboth.jpg
2021.01.27 15:42 B E:\Opslag\Stamboom_temp\Homepage\Homepage_bij_Noelle_KPN\Genealogy\keesmaat_gen\media\160dirkgaal.jpg --> home.kpn.nl /Genealogy/keesmaat_gen/media 160dirkgaal.jpg
2021.01.27 15:42 B E:\Opslag\Stamboom_temp\Homepage\Homepage_bij_Noelle_KPN\Genealogy\keesmaat_gen\media\214cornelia_prins.jpg --> home.kpn.nl /Genealogy/keesmaat_gen/media 214cornelia_prins.jpg
2021.01.27 15:42 B E:\Opslag\Stamboom_temp\Homepage\Homepage_bij_Noelle_KPN\Genealogy\keesmaat_gen\media\231cornelis_stout.jpg --> home.kpn.nl /Genealogy/keesmaat_gen/media 231cornelis_stout.jpg
2021.01.27 15:42 B E:\Opslag\Stamboom_temp\Homepage\Homepage_bij_Noelle_KPN\Genealogy\keesmaat_gen\media\232janniestouttrimmed.jpg --> home.kpn.nl /Genealogy/keesmaat_gen/media 232janniestouttrimmed.jpg
2021.01.27 15:42 B E:\Opslag\Stamboom_temp\Homepage\Homepage_bij_Noelle_KPN\Genealogy\keesmaat_gen\media\24323leendertkeesmaat.jpg --> home.kpn.nl /Genealogy/keesmaat_gen/media 24323leendertkeesmaat.jpg
2021.01.27 15:42 B E:\Opslag\Stamboom_temp\Homepage\Homepage_bij_Noelle_KPN\Genealogy\keesmaat_gen\media\38gerritbaas.jpg --> home.kpn.nl /Genealogy/keesmaat_gen/media 38gerritbaas.jpg
2021.01.27 15:42 B E:\Opslag\Stamboom_temp\Homepage\Homepage_bij_Noelle_KPN\Genealogy\keesmaat_gen\media\41neeltjekeesmaat.jpg --> home.kpn.nl /Genealogy/keesmaat_gen/media 41neeltjekeesmaat.jpg
2021.01.27 15:42 B E:\Opslag\Stamboom_temp\Homepage\Homepage_bij_Noelle_KPN\Genealogy\keesmaat_gen\media\42neeltjebaas.jpg --> home.kpn.nl /Genealogy/keesmaat_gen/media 42neeltjebaas.jpg
2021.01.27 15:42 B E:\Opslag\Stamboom_temp\Homepage\Homepage_bij_Noelle_KPN\Genealogy\keesmaat_gen\media\43ewoutbaas.jpg --> home.kpn.nl /Genealogy/keesmaat_gen/media 43ewoutbaas.jpg
2021.01.27 15:42 B E:\Opslag\Stamboom_temp\Homepage\Homepage_bij_Noelle_KPN\Genealogy\keesmaat_gen\media\45mariabaas.jpg --> home.kpn.nl /Genealogy/keesmaat_gen/media 45mariabaas.jpg
2021.01.27 15:42 B E:\Opslag\Stamboom_temp\Homepage\Homepage_bij_Noelle_KPN\Genealogy\keesmaat_gen\media\46739francijntje_wetselaar.jpg --> home.kpn.nl /Genealogy/keesmaat_gen/media 46739francijntje_wetselaar.jpg
2021.01.27 15:42 B E:\Opslag\Stamboom_temp\Homepage\Homepage_bij_Noelle_KPN\Genealogy\keesmaat_gen\media\47leenbaastrimmed.jpg --> home.kpn.nl /Genealogy/keesmaat_gen/media 47leenbaastrimmed.jpg
2021.01.27 15:42 B E:\Opslag\Stamboom_temp\Homepage\Homepage_bij_Noelle_KPN\Genealogy\keesmaat_gen\media\48huigbaastrimmed.jpg --> home.kpn.nl /Genealogy/keesmaat_gen/media 48huigbaastrimmed.jpg
2021.01.27 15:42 B E:\Opslag\Stamboom_temp\Homepage\Homepage_bij_Noelle_KPN\Genealogy\keesmaat_gen\media\49ome_arie_tante_rennietrimme.jpg --> home.kpn.nl /Genealogy/keesmaat_gen/media 49ome_arie_tante_rennietrimme.jpg
2021.01.27 15:42 B E:\Opslag\Stamboom_temp\Homepage\Homepage_bij_Noelle_KPN\Genealogy\keesmaat_gen\media\608_alblasserdam1649.jpg --> home.kpn.nl /Genealogy/keesmaat_gen/media 608_alblasserdam1649.jpg
2021.01.27 15:42 B E:\Opslag\Stamboom_temp\Homepage\Homepage_bij_Noelle_KPN\Genealogy\keesmaat_gen\media\734neeltjekeesmaatslagboom.jpg --> home.kpn.nl /Genealogy/keesmaat_gen/media 734neeltjekeesmaatslagboom.jpg
2021.01.27 15:42 B E:\Opslag\Stamboom_temp\Homepage\Homepage_bij_Noelle_KPN\Genealogy\keesmaat_gen\media\735vanderflier.jpg --> home.kpn.nl /Genealogy/keesmaat_gen/media 735vanderflier.jpg
2021.01.27 15:42 B E:\Opslag\Stamboom_temp\Homepage\Homepage_bij_Noelle_KPN\Genealogy\keesmaat_gen\media\88bertusprins.jpg --> home.kpn.nl /Genealogy/keesmaat_gen/media 88bertusprins.jpg
