2007.07.20 13:23 B \aarde.ico.deploy --> users.skynet.be /astronomy/program/EllipsBeginLocVelocities_1_0_0_48 aarde.ico.deploy
2007.07.20 13:23 B \EllipsBeginLocVelocities.exe.deploy --> users.skynet.be /astronomy/program/EllipsBeginLocVelocities_1_0_0_48 EllipsBeginLocVelocities.exe.deploy
2007.07.20 13:24 B \EllipsBeginLocVelocities.exe.manifest --> users.skynet.be /astronomy/program/EllipsBeginLocVelocities_1_0_0_48 EllipsBeginLocVelocities.exe.manifest
2011.09.05 10:31 B \aarde.ico.deploy --> users.skynet.be /fa389468/prinsgen32235ancestors/astronomy/program/EllipsBeginLocVelocities_1_0_0_48 aarde.ico.deploy
2011.09.05 10:31 B \EllipsBeginLocVelocities.exe.deploy --> users.skynet.be /fa389468/prinsgen32235ancestors/astronomy/program/EllipsBeginLocVelocities_1_0_0_48 EllipsBeginLocVelocities.exe.deploy
2011.09.05 10:31 B \EllipsBeginLocVelocities.exe.manifest --> users.skynet.be /fa389468/prinsgen32235ancestors/astronomy/program/EllipsBeginLocVelocities_1_0_0_48 EllipsBeginLocVelocities.exe.manifest
2011.09.05 10:31 B \WS_FTP.LOG --> users.skynet.be /fa389468/prinsgen32235ancestors/astronomy/program/EllipsBeginLocVelocities_1_0_0_48 WS_FTP.LOG
2011.09.05 13:08 B \WS_FTP.LOG --> users.skynet.be /fa389468/prinsgen32235ancestors/astronomy/program/EllipsBeginLocVelocities_1_0_0_48 WS_FTP.LOG
2011.09.05 16:47 B \aarde.ico.deploy --> users.skynet.be /fa389468/astronomy/program/EllipsBeginLocVelocities_1_0_0_48 aarde.ico.deploy
2011.09.05 16:47 B \EllipsBeginLocVelocities.exe.deploy --> users.skynet.be /fa389468/astronomy/program/EllipsBeginLocVelocities_1_0_0_48 EllipsBeginLocVelocities.exe.deploy
2011.09.05 16:47 B \EllipsBeginLocVelocities.exe.manifest --> users.skynet.be /fa389468/astronomy/program/EllipsBeginLocVelocities_1_0_0_48 EllipsBeginLocVelocities.exe.manifest
2011.09.05 16:47 B \WS_FTP.LOG --> users.skynet.be /fa389468/astronomy/program/EllipsBeginLocVelocities_1_0_0_48 WS_FTP.LOG
2012.02.04 16:55 B D:\Opslag\Stamboom_temp\Homepage\Homepage_Genealogy_Skynet\virtual site\astronomy\program\EllipsBeginLocVelocities_1_0_0_48\aarde.ico.deploy --> users.skynet.be /astronomy/program/EllipsBeginLocVelocities_1_0_0_48 aarde.ico.deploy
2012.02.04 16:55 B D:\Opslag\Stamboom_temp\Homepage\Homepage_Genealogy_Skynet\virtual site\astronomy\program\EllipsBeginLocVelocities_1_0_0_48\EllipsBeginLocVelocities.exe.deploy --> users.skynet.be /astronomy/program/EllipsBeginLocVelocities_1_0_0_48 EllipsBeginLocVelocities.exe.deploy
2012.02.04 16:55 B D:\Opslag\Stamboom_temp\Homepage\Homepage_Genealogy_Skynet\virtual site\astronomy\program\EllipsBeginLocVelocities_1_0_0_48\EllipsBeginLocVelocities.exe.manifest --> users.skynet.be /astronomy/program/EllipsBeginLocVelocities_1_0_0_48 EllipsBeginLocVelocities.exe.manifest
2012.02.04 16:55 B D:\Opslag\Stamboom_temp\Homepage\Homepage_Genealogy_Skynet\virtual site\astronomy\program\EllipsBeginLocVelocities_1_0_0_48\WS_FTP.LOG --> users.skynet.be /astronomy/program/EllipsBeginLocVelocities_1_0_0_48 WS_FTP.LOG
2012.02.04 17:49 B D:\Opslag\Stamboom_temp\Homepage\Homepage_Genealogy_Skynet\virtual site\astronomy\program\EllipsBeginLocVelocities_1_0_0_48\WS_FTP.LOG --> users.skynet.be /astronomy/program/EllipsBeginLocVelocities_1_0_0_48 WS_FTP.LOG
2018.09.16 11:58 B D:\Opslag\Stamboom_temp\Homepage\FamilyPrins\Astronomy\program\EllipsBeginLocVelocities_1_0_0_48\aarde.ico.deploy --> home.kpn.nl /Astronomy/program/EllipsBeginLocVelocities_1_0_0_48 aarde.ico.deploy
2018.09.16 11:58 B D:\Opslag\Stamboom_temp\Homepage\FamilyPrins\Astronomy\program\EllipsBeginLocVelocities_1_0_0_48\EllipsBeginLocVelocities.exe.deploy --> home.kpn.nl /Astronomy/program/EllipsBeginLocVelocities_1_0_0_48 EllipsBeginLocVelocities.exe.deploy
2018.09.16 11:58 B D:\Opslag\Stamboom_temp\Homepage\FamilyPrins\Astronomy\program\EllipsBeginLocVelocities_1_0_0_48\EllipsBeginLocVelocities.exe.manifest --> home.kpn.nl /Astronomy/program/EllipsBeginLocVelocities_1_0_0_48 EllipsBeginLocVelocities.exe.manifest
2018.09.16 11:58 B D:\Opslag\Stamboom_temp\Homepage\FamilyPrins\Astronomy\program\EllipsBeginLocVelocities_1_0_0_48\WS_FTP.LOG --> home.kpn.nl /Astronomy/program/EllipsBeginLocVelocities_1_0_0_48 WS_FTP.LOG
2021.01.27 11:00 B E:\Opslag\Stamboom_temp\Homepage\Homepage_bij_Noelle_KPN\Astronomy\program\EllipsBeginLocVelocities_1_0_0_48\WS_FTP.LOG --> home.kpn.nl /Astronomy/program/EllipsBeginLocVelocities_1_0_0_48 WS_FTP.LOG
2021.01.27 13:39 B E:\Opslag\Stamboom_temp\Homepage\Homepage_bij_Noelle_KPN\Astronomy\program\EllipsBeginLocVelocities_1_0_0_48\WS_FTP.LOG --> home.kpn.nl /Astronomy/program/EllipsBeginLocVelocities_1_0_0_48 WS_FTP.LOG
