2021.01.27 11:04 B E:\Opslag\Stamboom_temp\Homepage\Homepage_bij_Noelle_KPN\Genealogy\ancestors_anneke_bisschop\media\11059_bolling_gezin.jpg --> home.kpn.nl /ancestors_anneke_bisschop/media 11059_bolling_gezin.jpg
2021.01.27 11:04 B E:\Opslag\Stamboom_temp\Homepage\Homepage_bij_Noelle_KPN\Genealogy\ancestors_anneke_bisschop\media\12262berend_sinning.jpg --> home.kpn.nl /ancestors_anneke_bisschop/media 12262berend_sinning.jpg
2021.01.27 11:04 B E:\Opslag\Stamboom_temp\Homepage\Homepage_bij_Noelle_KPN\Genealogy\ancestors_anneke_bisschop\media\12263albartha_jacoba__geuzendam.jpg --> home.kpn.nl /ancestors_anneke_bisschop/media 12263albartha_jacoba__geuzendam.jpg
2021.01.27 11:04 B E:\Opslag\Stamboom_temp\Homepage\Homepage_bij_Noelle_KPN\Genealogy\ancestors_anneke_bisschop\media\16147wigboltberenshandtekening.jpg --> home.kpn.nl /ancestors_anneke_bisschop/media 16147wigboltberenshandtekening.jpg
2021.01.27 11:04 B E:\Opslag\Stamboom_temp\Homepage\Homepage_bij_Noelle_KPN\Genealogy\ancestors_anneke_bisschop\media\16149familyweaponhazenberg.jpg --> home.kpn.nl /ancestors_anneke_bisschop/media 16149familyweaponhazenberg.jpg
2021.01.27 11:04 B E:\Opslag\Stamboom_temp\Homepage\Homepage_bij_Noelle_KPN\Genealogy\ancestors_anneke_bisschop\media\162_anneke_bisschop.jpg --> home.kpn.nl /ancestors_anneke_bisschop/media 162_anneke_bisschop.jpg
2021.01.27 11:04 B E:\Opslag\Stamboom_temp\Homepage\Homepage_bij_Noelle_KPN\Genealogy\ancestors_anneke_bisschop\media\22380_trouwaktegeertwillemsanjereijners.jpg --> home.kpn.nl /ancestors_anneke_bisschop/media 22380_trouwaktegeertwillemsanjereijners.jpg
2021.01.27 11:04 B E:\Opslag\Stamboom_temp\Homepage\Homepage_bij_Noelle_KPN\Genealogy\ancestors_anneke_bisschop\media\23633bellingerweertrimmed.jpg --> home.kpn.nl /ancestors_anneke_bisschop/media 23633bellingerweertrimmed.jpg
2021.01.27 11:04 B E:\Opslag\Stamboom_temp\Homepage\Homepage_bij_Noelle_KPN\Genealogy\ancestors_anneke_bisschop\media\89albert_2.jpg --> home.kpn.nl /ancestors_anneke_bisschop/media 89albert_2.jpg
2021.01.27 11:04 B E:\Opslag\Stamboom_temp\Homepage\Homepage_bij_Noelle_KPN\Genealogy\ancestors_anneke_bisschop\media\9667fredjacbisschop_jpeg.jpg --> home.kpn.nl /ancestors_anneke_bisschop/media 9667fredjacbisschop_jpeg.jpg
2021.01.27 11:04 B E:\Opslag\Stamboom_temp\Homepage\Homepage_bij_Noelle_KPN\Genealogy\ancestors_anneke_bisschop\media\9668grietjesinning_jpeg.jpg --> home.kpn.nl /ancestors_anneke_bisschop/media 9668grietjesinning_jpeg.jpg
2021.01.27 11:04 B E:\Opslag\Stamboom_temp\Homepage\Homepage_bij_Noelle_KPN\Genealogy\ancestors_anneke_bisschop\media\9670grietje_de_goed_kopie.jpg --> home.kpn.nl /ancestors_anneke_bisschop/media 9670grietje_de_goed_kopie.jpg
2021.01.27 11:04 B E:\Opslag\Stamboom_temp\Homepage\Homepage_bij_Noelle_KPN\Genealogy\ancestors_anneke_bisschop\media\9730jantjebraker_grietjegoed.jpg --> home.kpn.nl /ancestors_anneke_bisschop/media 9730jantjebraker_grietjegoed.jpg
2021.01.27 13:43 B E:\Opslag\Stamboom_temp\Homepage\Homepage_bij_Noelle_KPN\Genealogy\ancestors_anneke_bisschop\media\11059_bolling_gezin.jpg --> home.kpn.nl /Genealogy/ancestors_anneke_bisschop/media 11059_bolling_gezin.jpg
2021.01.27 13:43 B E:\Opslag\Stamboom_temp\Homepage\Homepage_bij_Noelle_KPN\Genealogy\ancestors_anneke_bisschop\media\12262berend_sinning.jpg --> home.kpn.nl /Genealogy/ancestors_anneke_bisschop/media 12262berend_sinning.jpg
2021.01.27 13:43 B E:\Opslag\Stamboom_temp\Homepage\Homepage_bij_Noelle_KPN\Genealogy\ancestors_anneke_bisschop\media\12263albartha_jacoba__geuzendam.jpg --> home.kpn.nl /Genealogy/ancestors_anneke_bisschop/media 12263albartha_jacoba__geuzendam.jpg
2021.01.27 13:43 B E:\Opslag\Stamboom_temp\Homepage\Homepage_bij_Noelle_KPN\Genealogy\ancestors_anneke_bisschop\media\16147wigboltberenshandtekening.jpg --> home.kpn.nl /Genealogy/ancestors_anneke_bisschop/media 16147wigboltberenshandtekening.jpg
2021.01.27 13:43 B E:\Opslag\Stamboom_temp\Homepage\Homepage_bij_Noelle_KPN\Genealogy\ancestors_anneke_bisschop\media\16149familyweaponhazenberg.jpg --> home.kpn.nl /Genealogy/ancestors_anneke_bisschop/media 16149familyweaponhazenberg.jpg
2021.01.27 13:43 B E:\Opslag\Stamboom_temp\Homepage\Homepage_bij_Noelle_KPN\Genealogy\ancestors_anneke_bisschop\media\162_anneke_bisschop.jpg --> home.kpn.nl /Genealogy/ancestors_anneke_bisschop/media 162_anneke_bisschop.jpg
2021.01.27 13:43 B E:\Opslag\Stamboom_temp\Homepage\Homepage_bij_Noelle_KPN\Genealogy\ancestors_anneke_bisschop\media\22380_trouwaktegeertwillemsanjereijners.jpg --> home.kpn.nl /Genealogy/ancestors_anneke_bisschop/media 22380_trouwaktegeertwillemsanjereijners.jpg
2021.01.27 13:43 B E:\Opslag\Stamboom_temp\Homepage\Homepage_bij_Noelle_KPN\Genealogy\ancestors_anneke_bisschop\media\23633bellingerweertrimmed.jpg --> home.kpn.nl /Genealogy/ancestors_anneke_bisschop/media 23633bellingerweertrimmed.jpg
2021.01.27 13:43 B E:\Opslag\Stamboom_temp\Homepage\Homepage_bij_Noelle_KPN\Genealogy\ancestors_anneke_bisschop\media\89albert_2.jpg --> home.kpn.nl /Genealogy/ancestors_anneke_bisschop/media 89albert_2.jpg
2021.01.27 13:43 B E:\Opslag\Stamboom_temp\Homepage\Homepage_bij_Noelle_KPN\Genealogy\ancestors_anneke_bisschop\media\9667fredjacbisschop_jpeg.jpg --> home.kpn.nl /Genealogy/ancestors_anneke_bisschop/media 9667fredjacbisschop_jpeg.jpg
2021.01.27 13:43 B E:\Opslag\Stamboom_temp\Homepage\Homepage_bij_Noelle_KPN\Genealogy\ancestors_anneke_bisschop\media\9668grietjesinning_jpeg.jpg --> home.kpn.nl /Genealogy/ancestors_anneke_bisschop/media 9668grietjesinning_jpeg.jpg
2021.01.27 13:43 B E:\Opslag\Stamboom_temp\Homepage\Homepage_bij_Noelle_KPN\Genealogy\ancestors_anneke_bisschop\media\9670grietje_de_goed_kopie.jpg --> home.kpn.nl /Genealogy/ancestors_anneke_bisschop/media 9670grietje_de_goed_kopie.jpg
2021.01.27 13:43 B E:\Opslag\Stamboom_temp\Homepage\Homepage_bij_Noelle_KPN\Genealogy\ancestors_anneke_bisschop\media\9730jantjebraker_grietjegoed.jpg --> home.kpn.nl /Genealogy/ancestors_anneke_bisschop/media 9730jantjebraker_grietjegoed.jpg
2021.01.27 13:43 B E:\Opslag\Stamboom_temp\Homepage\Homepage_bij_Noelle_KPN\Genealogy\ancestors_anneke_bisschop\media\WS_FTP.LOG --> home.kpn.nl /Genealogy/ancestors_anneke_bisschop/media WS_FTP.LOG
2021.01.28 18:58 B E:\Opslag\Stamboom_temp\Homepage\Homepage_bij_Noelle_KPN\Genealogy\ancestors_anneke_bisschop\media\WS_FTP.LOG --> home.kpn.nl /Genealogy/ancestors_anneke_bisschop/media WS_FTP.LOG
