2012.04.23 12:26 B C:\Legacy\web\kareldegrote\pictures\103pietjehomoet.jpg --> members.upc.nl /kareldegrote/pictures 103pietjehomoet.jpg
2012.04.23 12:26 B C:\Legacy\web\kareldegrote\pictures\10424cranendonck1.jpg --> members.upc.nl /kareldegrote/pictures 10424cranendonck1.jpg
2012.04.23 12:26 B C:\Legacy\web\kareldegrote\pictures\11887slingelandt.jpg --> members.upc.nl /kareldegrote/pictures 11887slingelandt.jpg
2012.04.23 12:26 B C:\Legacy\web\kareldegrote\pictures\11888slingeland.jpg --> members.upc.nl /kareldegrote/pictures 11888slingeland.jpg
2012.04.23 12:26 B C:\Legacy\web\kareldegrote\pictures\12262berend_sinning.jpg --> members.upc.nl /kareldegrote/pictures 12262berend_sinning.jpg
2012.04.23 12:26 B C:\Legacy\web\kareldegrote\pictures\12263albartha_jacoba__geuzendam.jpg --> members.upc.nl /kareldegrote/pictures 12263albartha_jacoba__geuzendam.jpg
2012.04.23 12:26 B C:\Legacy\web\kareldegrote\pictures\14124vanamstel.jpg --> members.upc.nl /kareldegrote/pictures 14124vanamstel.jpg
2012.04.23 12:26 B C:\Legacy\web\kareldegrote\pictures\14125cuyck.jpg --> members.upc.nl /kareldegrote/pictures 14125cuyck.jpg
2012.04.23 12:26 B C:\Legacy\web\kareldegrote\pictures\147adrispeksnijder.jpg --> members.upc.nl /kareldegrote/pictures 147adrispeksnijder.jpg
2012.04.23 12:26 B C:\Legacy\web\kareldegrote\pictures\152marieboth.jpg --> members.upc.nl /kareldegrote/pictures 152marieboth.jpg
2012.04.23 12:26 B C:\Legacy\web\kareldegrote\pictures\160dirkgaal.jpg --> members.upc.nl /kareldegrote/pictures 160dirkgaal.jpg
2012.04.23 12:26 B C:\Legacy\web\kareldegrote\pictures\16854ariekranendonk.jpg --> members.upc.nl /kareldegrote/pictures 16854ariekranendonk.jpg
2012.04.23 12:26 B C:\Legacy\web\kareldegrote\pictures\16856mariazevenbergen.jpg --> members.upc.nl /kareldegrote/pictures 16856mariazevenbergen.jpg
2012.04.23 12:26 B C:\Legacy\web\kareldegrote\pictures\16857pieterkranendonk.jpg --> members.upc.nl /kareldegrote/pictures 16857pieterkranendonk.jpg
2012.04.23 12:26 B C:\Legacy\web\kareldegrote\pictures\16858wilhelminaquivooij.jpg --> members.upc.nl /kareldegrote/pictures 16858wilhelminaquivooij.jpg
2012.04.23 12:26 B C:\Legacy\web\kareldegrote\pictures\16860arieweijers.jpg --> members.upc.nl /kareldegrote/pictures 16860arieweijers.jpg
2012.04.23 12:26 B C:\Legacy\web\kareldegrote\pictures\17710doop_willempje1787.jpg --> members.upc.nl /kareldegrote/pictures 17710doop_willempje1787.jpg
2012.04.23 12:26 B C:\Legacy\web\kareldegrote\pictures\20661van_arkel.jpg --> members.upc.nl /kareldegrote/pictures 20661van_arkel.jpg
2012.04.23 12:26 B C:\Legacy\web\kareldegrote\pictures\210gerritprinsklaartjevanalphengroot.jpg --> members.upc.nl /kareldegrote/pictures 210gerritprinsklaartjevanalphengroot.jpg
2012.04.23 12:26 B C:\Legacy\web\kareldegrote\pictures\211klaartjevanalphen.jpg --> members.upc.nl /kareldegrote/pictures 211klaartjevanalphen.jpg
2012.04.23 12:26 B C:\Legacy\web\kareldegrote\pictures\213_gerrit_prins_geboorte.jpg --> members.upc.nl /kareldegrote/pictures 213_gerrit_prins_geboorte.jpg
2012.04.23 12:26 B C:\Legacy\web\kareldegrote\pictures\214cornelia_prins.jpg --> members.upc.nl /kareldegrote/pictures 214cornelia_prins.jpg
2012.04.23 12:26 B C:\Legacy\web\kareldegrote\pictures\215adraanprinsvoetbal.jpg --> members.upc.nl /kareldegrote/pictures 215adraanprinsvoetbal.jpg
2012.04.23 12:26 B C:\Legacy\web\kareldegrote\pictures\219klaartjeprinstrimmed.jpg --> members.upc.nl /kareldegrote/pictures 219klaartjeprinstrimmed.jpg
2012.04.23 12:26 B C:\Legacy\web\kareldegrote\pictures\231cornelis_stout.jpg --> members.upc.nl /kareldegrote/pictures 231cornelis_stout.jpg
2012.04.23 12:26 B C:\Legacy\web\kareldegrote\pictures\232janniestouttrimmed.jpg --> members.upc.nl /kareldegrote/pictures 232janniestouttrimmed.jpg
2012.04.23 12:26 B C:\Legacy\web\kareldegrote\pictures\23633bellingerweertrimmed.jpg --> members.upc.nl /kareldegrote/pictures 23633bellingerweertrimmed.jpg
2012.04.23 12:26 B C:\Legacy\web\kareldegrote\pictures\25116_ijzendoorn.jpg --> members.upc.nl /kareldegrote/pictures 25116_ijzendoorn.jpg
2012.04.23 12:26 B C:\Legacy\web\kareldegrote\pictures\37neeltjedepater.jpg --> members.upc.nl /kareldegrote/pictures 37neeltjedepater.jpg
2012.04.23 12:26 B C:\Legacy\web\kareldegrote\pictures\38gerritbaas.jpg --> members.upc.nl /kareldegrote/pictures 38gerritbaas.jpg
2012.04.23 12:26 B C:\Legacy\web\kareldegrote\pictures\41neeltjekeesmaat.jpg --> members.upc.nl /kareldegrote/pictures 41neeltjekeesmaat.jpg
2012.04.23 12:26 B C:\Legacy\web\kareldegrote\pictures\42neeltjebaas.jpg --> members.upc.nl /kareldegrote/pictures 42neeltjebaas.jpg
2012.04.23 12:26 B C:\Legacy\web\kareldegrote\pictures\43ewoutbaas.jpg --> members.upc.nl /kareldegrote/pictures 43ewoutbaas.jpg
2012.04.23 12:26 B C:\Legacy\web\kareldegrote\pictures\45mariabaas.jpg --> members.upc.nl /kareldegrote/pictures 45mariabaas.jpg
2012.04.23 12:26 B C:\Legacy\web\kareldegrote\pictures\47leenbaastrimmed.jpg --> members.upc.nl /kareldegrote/pictures 47leenbaastrimmed.jpg
2012.04.23 12:26 B C:\Legacy\web\kareldegrote\pictures\48huigbaastrimmed.jpg --> members.upc.nl /kareldegrote/pictures 48huigbaastrimmed.jpg
2012.04.23 12:26 B C:\Legacy\web\kareldegrote\pictures\49ome_arie_tante_rennietrimme.jpg --> members.upc.nl /kareldegrote/pictures 49ome_arie_tante_rennietrimme.jpg
2012.04.23 12:26 B C:\Legacy\web\kareldegrote\pictures\734neeltjekeesmaatslagboom.jpg --> members.upc.nl /kareldegrote/pictures 734neeltjekeesmaatslagboom.jpg
2012.04.23 12:26 B C:\Legacy\web\kareldegrote\pictures\735vanderflier.jpg --> members.upc.nl /kareldegrote/pictures 735vanderflier.jpg
2012.04.23 12:26 B C:\Legacy\web\kareldegrote\pictures\88bertusprins.jpg --> members.upc.nl /kareldegrote/pictures 88bertusprins.jpg
2012.04.23 12:26 B C:\Legacy\web\kareldegrote\pictures\89albert.jpg --> members.upc.nl /kareldegrote/pictures 89albert.jpg
2012.04.23 12:26 B C:\Legacy\web\kareldegrote\pictures\9667fredjacbisschop_jpeg.jpg --> members.upc.nl /kareldegrote/pictures 9667fredjacbisschop_jpeg.jpg
2012.04.23 12:26 B C:\Legacy\web\kareldegrote\pictures\9668grietjesinning_jpeg.jpg --> members.upc.nl /kareldegrote/pictures 9668grietjesinning_jpeg.jpg
2021.01.27 15:41 B E:\Opslag\Stamboom_temp\Homepage\Homepage_bij_Noelle_KPN\Genealogy\kareldegrote\pictures\.picasa.ini --> home.kpn.nl /Genealogy/kareldegrote/pictures .picasa.ini
2021.01.27 15:41 B E:\Opslag\Stamboom_temp\Homepage\Homepage_bij_Noelle_KPN\Genealogy\kareldegrote\pictures\103pietjehomoet.jpg --> home.kpn.nl /Genealogy/kareldegrote/pictures 103pietjehomoet.jpg
2021.01.27 15:41 B E:\Opslag\Stamboom_temp\Homepage\Homepage_bij_Noelle_KPN\Genealogy\kareldegrote\pictures\10424cranendonck1.jpg --> home.kpn.nl /Genealogy/kareldegrote/pictures 10424cranendonck1.jpg
2021.01.27 15:41 B E:\Opslag\Stamboom_temp\Homepage\Homepage_bij_Noelle_KPN\Genealogy\kareldegrote\pictures\10730alidavandriel.jpg --> home.kpn.nl /Genealogy/kareldegrote/pictures 10730alidavandriel.jpg
2021.01.27 15:41 B E:\Opslag\Stamboom_temp\Homepage\Homepage_bij_Noelle_KPN\Genealogy\kareldegrote\pictures\11887slingelandt.jpg --> home.kpn.nl /Genealogy/kareldegrote/pictures 11887slingelandt.jpg
2021.01.27 15:41 B E:\Opslag\Stamboom_temp\Homepage\Homepage_bij_Noelle_KPN\Genealogy\kareldegrote\pictures\11888slingeland.jpg --> home.kpn.nl /Genealogy/kareldegrote/pictures 11888slingeland.jpg
2021.01.27 15:41 B E:\Opslag\Stamboom_temp\Homepage\Homepage_bij_Noelle_KPN\Genealogy\kareldegrote\pictures\12262berend_sinning.jpg --> home.kpn.nl /Genealogy/kareldegrote/pictures 12262berend_sinning.jpg
2021.01.27 15:41 B E:\Opslag\Stamboom_temp\Homepage\Homepage_bij_Noelle_KPN\Genealogy\kareldegrote\pictures\12263albartha_jacoba__geuzendam.jpg --> home.kpn.nl /Genealogy/kareldegrote/pictures 12263albartha_jacoba__geuzendam.jpg
2021.01.27 15:41 B E:\Opslag\Stamboom_temp\Homepage\Homepage_bij_Noelle_KPN\Genealogy\kareldegrote\pictures\14124vanamstel.jpg --> home.kpn.nl /Genealogy/kareldegrote/pictures 14124vanamstel.jpg
2021.01.27 15:41 B E:\Opslag\Stamboom_temp\Homepage\Homepage_bij_Noelle_KPN\Genealogy\kareldegrote\pictures\14125cuyck.jpg --> home.kpn.nl /Genealogy/kareldegrote/pictures 14125cuyck.jpg
2021.01.27 15:41 B E:\Opslag\Stamboom_temp\Homepage\Homepage_bij_Noelle_KPN\Genealogy\kareldegrote\pictures\147adrispeksnijder.jpg --> home.kpn.nl /Genealogy/kareldegrote/pictures 147adrispeksnijder.jpg
2021.01.27 15:41 B E:\Opslag\Stamboom_temp\Homepage\Homepage_bij_Noelle_KPN\Genealogy\kareldegrote\pictures\152marieboth.jpg --> home.kpn.nl /Genealogy/kareldegrote/pictures 152marieboth.jpg
2021.01.27 15:41 B E:\Opslag\Stamboom_temp\Homepage\Homepage_bij_Noelle_KPN\Genealogy\kareldegrote\pictures\160dirkgaal.jpg --> home.kpn.nl /Genealogy/kareldegrote/pictures 160dirkgaal.jpg
2021.01.27 15:41 B E:\Opslag\Stamboom_temp\Homepage\Homepage_bij_Noelle_KPN\Genealogy\kareldegrote\pictures\16854ariekranendonk.jpg --> home.kpn.nl /Genealogy/kareldegrote/pictures 16854ariekranendonk.jpg
2021.01.27 15:41 B E:\Opslag\Stamboom_temp\Homepage\Homepage_bij_Noelle_KPN\Genealogy\kareldegrote\pictures\16856mariazevenbergen.jpg --> home.kpn.nl /Genealogy/kareldegrote/pictures 16856mariazevenbergen.jpg
2021.01.27 15:41 B E:\Opslag\Stamboom_temp\Homepage\Homepage_bij_Noelle_KPN\Genealogy\kareldegrote\pictures\16857pieterkranendonk.jpg --> home.kpn.nl /Genealogy/kareldegrote/pictures 16857pieterkranendonk.jpg
2021.01.27 15:41 B E:\Opslag\Stamboom_temp\Homepage\Homepage_bij_Noelle_KPN\Genealogy\kareldegrote\pictures\16858wilhelminaquivooij.jpg --> home.kpn.nl /Genealogy/kareldegrote/pictures 16858wilhelminaquivooij.jpg
2021.01.27 15:41 B E:\Opslag\Stamboom_temp\Homepage\Homepage_bij_Noelle_KPN\Genealogy\kareldegrote\pictures\16859mariakranendonk.jpg --> home.kpn.nl /Genealogy/kareldegrote/pictures 16859mariakranendonk.jpg
2021.01.27 15:41 B E:\Opslag\Stamboom_temp\Homepage\Homepage_bij_Noelle_KPN\Genealogy\kareldegrote\pictures\16860arieweijers.jpg --> home.kpn.nl /Genealogy/kareldegrote/pictures 16860arieweijers.jpg
2021.01.27 15:41 B E:\Opslag\Stamboom_temp\Homepage\Homepage_bij_Noelle_KPN\Genealogy\kareldegrote\pictures\17710doop_willempje1787.jpg --> home.kpn.nl /Genealogy/kareldegrote/pictures 17710doop_willempje1787.jpg
2021.01.27 15:41 B E:\Opslag\Stamboom_temp\Homepage\Homepage_bij_Noelle_KPN\Genealogy\kareldegrote\pictures\20661van_arkel.jpg --> home.kpn.nl /Genealogy/kareldegrote/pictures 20661van_arkel.jpg
2021.01.27 15:41 B E:\Opslag\Stamboom_temp\Homepage\Homepage_bij_Noelle_KPN\Genealogy\kareldegrote\pictures\210gerritprinsklaartjevanalphengroot.jpg --> home.kpn.nl /Genealogy/kareldegrote/pictures 210gerritprinsklaartjevanalphengroot.jpg
2021.01.27 15:41 B E:\Opslag\Stamboom_temp\Homepage\Homepage_bij_Noelle_KPN\Genealogy\kareldegrote\pictures\211klaartjevanalphen.jpg --> home.kpn.nl /Genealogy/kareldegrote/pictures 211klaartjevanalphen.jpg
2021.01.27 15:41 B E:\Opslag\Stamboom_temp\Homepage\Homepage_bij_Noelle_KPN\Genealogy\kareldegrote\pictures\213_gerrit_prins_geboorte.jpg --> home.kpn.nl /Genealogy/kareldegrote/pictures 213_gerrit_prins_geboorte.jpg
2021.01.27 15:41 B E:\Opslag\Stamboom_temp\Homepage\Homepage_bij_Noelle_KPN\Genealogy\kareldegrote\pictures\214cornelia_prins.jpg --> home.kpn.nl /Genealogy/kareldegrote/pictures 214cornelia_prins.jpg
2021.01.27 15:41 B E:\Opslag\Stamboom_temp\Homepage\Homepage_bij_Noelle_KPN\Genealogy\kareldegrote\pictures\215adraanprinsvoetbal.jpg --> home.kpn.nl /Genealogy/kareldegrote/pictures 215adraanprinsvoetbal.jpg
2021.01.27 15:41 B E:\Opslag\Stamboom_temp\Homepage\Homepage_bij_Noelle_KPN\Genealogy\kareldegrote\pictures\216RuthgerusPrinsTrimmed.gif --> home.kpn.nl /Genealogy/kareldegrote/pictures 216RuthgerusPrinsTrimmed.gif
2021.01.27 15:41 B E:\Opslag\Stamboom_temp\Homepage\Homepage_bij_Noelle_KPN\Genealogy\kareldegrote\pictures\219klaartjeprinstrimmed.jpg --> home.kpn.nl /Genealogy/kareldegrote/pictures 219klaartjeprinstrimmed.jpg
2021.01.27 15:41 B E:\Opslag\Stamboom_temp\Homepage\Homepage_bij_Noelle_KPN\Genealogy\kareldegrote\pictures\231cornelis_stout.jpg --> home.kpn.nl /Genealogy/kareldegrote/pictures 231cornelis_stout.jpg
2021.01.27 15:41 B E:\Opslag\Stamboom_temp\Homepage\Homepage_bij_Noelle_KPN\Genealogy\kareldegrote\pictures\232janniestouttrimmed.jpg --> home.kpn.nl /Genealogy/kareldegrote/pictures 232janniestouttrimmed.jpg
2021.01.27 15:41 B E:\Opslag\Stamboom_temp\Homepage\Homepage_bij_Noelle_KPN\Genealogy\kareldegrote\pictures\233GerritStoutTrimmed.gif --> home.kpn.nl /Genealogy/kareldegrote/pictures 233GerritStoutTrimmed.gif
2021.01.27 15:41 B E:\Opslag\Stamboom_temp\Homepage\Homepage_bij_Noelle_KPN\Genealogy\kareldegrote\pictures\23633bellingerweertrimmed.jpg --> home.kpn.nl /Genealogy/kareldegrote/pictures 23633bellingerweertrimmed.jpg
2021.01.27 15:41 B E:\Opslag\Stamboom_temp\Homepage\Homepage_bij_Noelle_KPN\Genealogy\kareldegrote\pictures\25116_ijzendoorn.jpg --> home.kpn.nl /Genealogy/kareldegrote/pictures 25116_ijzendoorn.jpg
2021.01.27 15:41 B E:\Opslag\Stamboom_temp\Homepage\Homepage_bij_Noelle_KPN\Genealogy\kareldegrote\pictures\37neeltjedepater.jpg --> home.kpn.nl /Genealogy/kareldegrote/pictures 37neeltjedepater.jpg
2021.01.27 15:41 B E:\Opslag\Stamboom_temp\Homepage\Homepage_bij_Noelle_KPN\Genealogy\kareldegrote\pictures\38gerritbaas.jpg --> home.kpn.nl /Genealogy/kareldegrote/pictures 38gerritbaas.jpg
2021.01.27 15:41 B E:\Opslag\Stamboom_temp\Homepage\Homepage_bij_Noelle_KPN\Genealogy\kareldegrote\pictures\41neeltjekeesmaat.jpg --> home.kpn.nl /Genealogy/kareldegrote/pictures 41neeltjekeesmaat.jpg
2021.01.27 15:41 B E:\Opslag\Stamboom_temp\Homepage\Homepage_bij_Noelle_KPN\Genealogy\kareldegrote\pictures\42neeltjebaas.jpg --> home.kpn.nl /Genealogy/kareldegrote/pictures 42neeltjebaas.jpg
2021.01.27 15:41 B E:\Opslag\Stamboom_temp\Homepage\Homepage_bij_Noelle_KPN\Genealogy\kareldegrote\pictures\43ewoutbaas.jpg --> home.kpn.nl /Genealogy/kareldegrote/pictures 43ewoutbaas.jpg
2021.01.27 15:41 B E:\Opslag\Stamboom_temp\Homepage\Homepage_bij_Noelle_KPN\Genealogy\kareldegrote\pictures\45mariabaas.jpg --> home.kpn.nl /Genealogy/kareldegrote/pictures 45mariabaas.jpg
2021.01.27 15:41 B E:\Opslag\Stamboom_temp\Homepage\Homepage_bij_Noelle_KPN\Genealogy\kareldegrote\pictures\46WilBaasTrimmed.gif --> home.kpn.nl /Genealogy/kareldegrote/pictures 46WilBaasTrimmed.gif
2021.01.27 15:41 B E:\Opslag\Stamboom_temp\Homepage\Homepage_bij_Noelle_KPN\Genealogy\kareldegrote\pictures\47leenbaastrimmed.jpg --> home.kpn.nl /Genealogy/kareldegrote/pictures 47leenbaastrimmed.jpg
2021.01.27 15:41 B E:\Opslag\Stamboom_temp\Homepage\Homepage_bij_Noelle_KPN\Genealogy\kareldegrote\pictures\48huigbaastrimmed.jpg --> home.kpn.nl /Genealogy/kareldegrote/pictures 48huigbaastrimmed.jpg
2021.01.27 15:41 B E:\Opslag\Stamboom_temp\Homepage\Homepage_bij_Noelle_KPN\Genealogy\kareldegrote\pictures\49ome_arie_tante_rennietrimme.jpg --> home.kpn.nl /Genealogy/kareldegrote/pictures 49ome_arie_tante_rennietrimme.jpg
2021.01.27 15:41 B E:\Opslag\Stamboom_temp\Homepage\Homepage_bij_Noelle_KPN\Genealogy\kareldegrote\pictures\55366Julian.JPG --> home.kpn.nl /Genealogy/kareldegrote/pictures 55366Julian.JPG
2021.01.27 15:41 B E:\Opslag\Stamboom_temp\Homepage\Homepage_bij_Noelle_KPN\Genealogy\kareldegrote\pictures\734neeltjekeesmaatslagboom.jpg --> home.kpn.nl /Genealogy/kareldegrote/pictures 734neeltjekeesmaatslagboom.jpg
2021.01.27 15:41 B E:\Opslag\Stamboom_temp\Homepage\Homepage_bij_Noelle_KPN\Genealogy\kareldegrote\pictures\735vanderflier.jpg --> home.kpn.nl /Genealogy/kareldegrote/pictures 735vanderflier.jpg
2021.01.27 15:41 B E:\Opslag\Stamboom_temp\Homepage\Homepage_bij_Noelle_KPN\Genealogy\kareldegrote\pictures\88bertusprins.jpg --> home.kpn.nl /Genealogy/kareldegrote/pictures 88bertusprins.jpg
2021.01.27 15:41 B E:\Opslag\Stamboom_temp\Homepage\Homepage_bij_Noelle_KPN\Genealogy\kareldegrote\pictures\88BertusPrinsVoetbal.jpg --> home.kpn.nl /Genealogy/kareldegrote/pictures 88BertusPrinsVoetbal.jpg
2021.01.27 15:41 B E:\Opslag\Stamboom_temp\Homepage\Homepage_bij_Noelle_KPN\Genealogy\kareldegrote\pictures\89albert.jpg --> home.kpn.nl /Genealogy/kareldegrote/pictures 89albert.jpg
2021.01.27 15:41 B E:\Opslag\Stamboom_temp\Homepage\Homepage_bij_Noelle_KPN\Genealogy\kareldegrote\pictures\9667fredjacbisschop_jpeg.jpg --> home.kpn.nl /Genealogy/kareldegrote/pictures 9667fredjacbisschop_jpeg.jpg
2021.01.27 15:41 B E:\Opslag\Stamboom_temp\Homepage\Homepage_bij_Noelle_KPN\Genealogy\kareldegrote\pictures\9668grietjesinning_jpeg.jpg --> home.kpn.nl /Genealogy/kareldegrote/pictures 9668grietjesinning_jpeg.jpg
2021.01.27 15:41 B E:\Opslag\Stamboom_temp\Homepage\Homepage_bij_Noelle_KPN\Genealogy\kareldegrote\pictures\Thumbs.db --> home.kpn.nl /Genealogy/kareldegrote/pictures Thumbs.db
2021.01.27 15:41 B E:\Opslag\Stamboom_temp\Homepage\Homepage_bij_Noelle_KPN\Genealogy\kareldegrote\pictures\WS_FTP.LOG --> home.kpn.nl /Genealogy/kareldegrote/pictures WS_FTP.LOG
