2018.09.16 11:56 B D:\Opslag\Stamboom_temp\Homepage\FamilyPrins\Astronomy\LorentzTransformation_bestanden\colorschememapping.xml --> home.kpn.nl /Astronomy/LorentzTransformation_bestanden colorschememapping.xml
2018.09.16 11:56 B D:\Opslag\Stamboom_temp\Homepage\FamilyPrins\Astronomy\LorentzTransformation_bestanden\filelist.xml --> home.kpn.nl /Astronomy/LorentzTransformation_bestanden filelist.xml
2018.09.16 11:56 B D:\Opslag\Stamboom_temp\Homepage\FamilyPrins\Astronomy\LorentzTransformation_bestanden\image001.gif --> home.kpn.nl /Astronomy/LorentzTransformation_bestanden image001.gif
2018.09.16 11:56 B D:\Opslag\Stamboom_temp\Homepage\FamilyPrins\Astronomy\LorentzTransformation_bestanden\image003.png --> home.kpn.nl /Astronomy/LorentzTransformation_bestanden image003.png
2018.09.16 11:56 B D:\Opslag\Stamboom_temp\Homepage\FamilyPrins\Astronomy\LorentzTransformation_bestanden\image005.png --> home.kpn.nl /Astronomy/LorentzTransformation_bestanden image005.png
2018.09.16 11:56 B D:\Opslag\Stamboom_temp\Homepage\FamilyPrins\Astronomy\LorentzTransformation_bestanden\image006.gif --> home.kpn.nl /Astronomy/LorentzTransformation_bestanden image006.gif
2018.09.16 11:56 B D:\Opslag\Stamboom_temp\Homepage\FamilyPrins\Astronomy\LorentzTransformation_bestanden\image007.gif --> home.kpn.nl /Astronomy/LorentzTransformation_bestanden image007.gif
2018.09.16 11:56 B D:\Opslag\Stamboom_temp\Homepage\FamilyPrins\Astronomy\LorentzTransformation_bestanden\image008.gif --> home.kpn.nl /Astronomy/LorentzTransformation_bestanden image008.gif
2018.09.16 11:56 B D:\Opslag\Stamboom_temp\Homepage\FamilyPrins\Astronomy\LorentzTransformation_bestanden\image010.gif --> home.kpn.nl /Astronomy/LorentzTransformation_bestanden image010.gif
2018.09.16 11:56 B D:\Opslag\Stamboom_temp\Homepage\FamilyPrins\Astronomy\LorentzTransformation_bestanden\image011.gif --> home.kpn.nl /Astronomy/LorentzTransformation_bestanden image011.gif
2018.09.16 11:56 B D:\Opslag\Stamboom_temp\Homepage\FamilyPrins\Astronomy\LorentzTransformation_bestanden\image012.png --> home.kpn.nl /Astronomy/LorentzTransformation_bestanden image012.png
2018.09.16 11:56 B D:\Opslag\Stamboom_temp\Homepage\FamilyPrins\Astronomy\LorentzTransformation_bestanden\image013.gif --> home.kpn.nl /Astronomy/LorentzTransformation_bestanden image013.gif
2018.09.16 11:56 B D:\Opslag\Stamboom_temp\Homepage\FamilyPrins\Astronomy\LorentzTransformation_bestanden\image014.gif --> home.kpn.nl /Astronomy/LorentzTransformation_bestanden image014.gif
2018.09.16 11:56 B D:\Opslag\Stamboom_temp\Homepage\FamilyPrins\Astronomy\LorentzTransformation_bestanden\image015.gif --> home.kpn.nl /Astronomy/LorentzTransformation_bestanden image015.gif
2018.09.16 11:56 B D:\Opslag\Stamboom_temp\Homepage\FamilyPrins\Astronomy\LorentzTransformation_bestanden\image016.png --> home.kpn.nl /Astronomy/LorentzTransformation_bestanden image016.png
2018.09.16 11:56 B D:\Opslag\Stamboom_temp\Homepage\FamilyPrins\Astronomy\LorentzTransformation_bestanden\image017.gif --> home.kpn.nl /Astronomy/LorentzTransformation_bestanden image017.gif
2018.09.16 11:56 B D:\Opslag\Stamboom_temp\Homepage\FamilyPrins\Astronomy\LorentzTransformation_bestanden\image019.gif --> home.kpn.nl /Astronomy/LorentzTransformation_bestanden image019.gif
2018.09.16 11:56 B D:\Opslag\Stamboom_temp\Homepage\FamilyPrins\Astronomy\LorentzTransformation_bestanden\image021.gif --> home.kpn.nl /Astronomy/LorentzTransformation_bestanden image021.gif
2018.09.16 11:56 B D:\Opslag\Stamboom_temp\Homepage\FamilyPrins\Astronomy\LorentzTransformation_bestanden\image022.png --> home.kpn.nl /Astronomy/LorentzTransformation_bestanden image022.png
2018.09.16 11:56 B D:\Opslag\Stamboom_temp\Homepage\FamilyPrins\Astronomy\LorentzTransformation_bestanden\image023.gif --> home.kpn.nl /Astronomy/LorentzTransformation_bestanden image023.gif
2018.09.16 11:56 B D:\Opslag\Stamboom_temp\Homepage\FamilyPrins\Astronomy\LorentzTransformation_bestanden\image024.png --> home.kpn.nl /Astronomy/LorentzTransformation_bestanden image024.png
2018.09.16 11:56 B D:\Opslag\Stamboom_temp\Homepage\FamilyPrins\Astronomy\LorentzTransformation_bestanden\image025.gif --> home.kpn.nl /Astronomy/LorentzTransformation_bestanden image025.gif
2018.09.16 11:56 B D:\Opslag\Stamboom_temp\Homepage\FamilyPrins\Astronomy\LorentzTransformation_bestanden\image027.gif --> home.kpn.nl /Astronomy/LorentzTransformation_bestanden image027.gif
2018.09.16 11:56 B D:\Opslag\Stamboom_temp\Homepage\FamilyPrins\Astronomy\LorentzTransformation_bestanden\image029.png --> home.kpn.nl /Astronomy/LorentzTransformation_bestanden image029.png
2018.09.16 11:56 B D:\Opslag\Stamboom_temp\Homepage\FamilyPrins\Astronomy\LorentzTransformation_bestanden\image030.gif --> home.kpn.nl /Astronomy/LorentzTransformation_bestanden image030.gif
2018.09.16 11:56 B D:\Opslag\Stamboom_temp\Homepage\FamilyPrins\Astronomy\LorentzTransformation_bestanden\image031.png --> home.kpn.nl /Astronomy/LorentzTransformation_bestanden image031.png
2018.09.16 11:56 B D:\Opslag\Stamboom_temp\Homepage\FamilyPrins\Astronomy\LorentzTransformation_bestanden\image032.gif --> home.kpn.nl /Astronomy/LorentzTransformation_bestanden image032.gif
2018.09.16 11:56 B D:\Opslag\Stamboom_temp\Homepage\FamilyPrins\Astronomy\LorentzTransformation_bestanden\image034.png --> home.kpn.nl /Astronomy/LorentzTransformation_bestanden image034.png
2018.09.16 11:56 B D:\Opslag\Stamboom_temp\Homepage\FamilyPrins\Astronomy\LorentzTransformation_bestanden\image035.png --> home.kpn.nl /Astronomy/LorentzTransformation_bestanden image035.png
2018.09.16 11:56 B D:\Opslag\Stamboom_temp\Homepage\FamilyPrins\Astronomy\LorentzTransformation_bestanden\image036.gif --> home.kpn.nl /Astronomy/LorentzTransformation_bestanden image036.gif
2018.09.16 11:56 B D:\Opslag\Stamboom_temp\Homepage\FamilyPrins\Astronomy\LorentzTransformation_bestanden\image038.png --> home.kpn.nl /Astronomy/LorentzTransformation_bestanden image038.png
2018.09.16 11:56 B D:\Opslag\Stamboom_temp\Homepage\FamilyPrins\Astronomy\LorentzTransformation_bestanden\image039.png --> home.kpn.nl /Astronomy/LorentzTransformation_bestanden image039.png
2018.09.16 11:56 B D:\Opslag\Stamboom_temp\Homepage\FamilyPrins\Astronomy\LorentzTransformation_bestanden\image040.png --> home.kpn.nl /Astronomy/LorentzTransformation_bestanden image040.png
2018.09.16 11:56 B D:\Opslag\Stamboom_temp\Homepage\FamilyPrins\Astronomy\LorentzTransformation_bestanden\image042.png --> home.kpn.nl /Astronomy/LorentzTransformation_bestanden image042.png
2018.09.16 11:56 B D:\Opslag\Stamboom_temp\Homepage\FamilyPrins\Astronomy\LorentzTransformation_bestanden\image043.wmz --> home.kpn.nl /Astronomy/LorentzTransformation_bestanden image043.wmz
2018.09.16 11:56 B D:\Opslag\Stamboom_temp\Homepage\FamilyPrins\Astronomy\LorentzTransformation_bestanden\image045.png --> home.kpn.nl /Astronomy/LorentzTransformation_bestanden image045.png
2018.09.16 11:56 B D:\Opslag\Stamboom_temp\Homepage\FamilyPrins\Astronomy\LorentzTransformation_bestanden\image046.gif --> home.kpn.nl /Astronomy/LorentzTransformation_bestanden image046.gif
2018.09.16 11:56 B D:\Opslag\Stamboom_temp\Homepage\FamilyPrins\Astronomy\LorentzTransformation_bestanden\image059.png --> home.kpn.nl /Astronomy/LorentzTransformation_bestanden image059.png
2018.09.16 11:56 B D:\Opslag\Stamboom_temp\Homepage\FamilyPrins\Astronomy\LorentzTransformation_bestanden\image061.png --> home.kpn.nl /Astronomy/LorentzTransformation_bestanden image061.png
2018.09.16 11:56 B D:\Opslag\Stamboom_temp\Homepage\FamilyPrins\Astronomy\LorentzTransformation_bestanden\item0044.xml --> home.kpn.nl /Astronomy/LorentzTransformation_bestanden item0044.xml
2018.09.16 11:56 B D:\Opslag\Stamboom_temp\Homepage\FamilyPrins\Astronomy\LorentzTransformation_bestanden\oledata.mso --> home.kpn.nl /Astronomy/LorentzTransformation_bestanden oledata.mso
2018.09.16 11:56 B D:\Opslag\Stamboom_temp\Homepage\FamilyPrins\Astronomy\LorentzTransformation_bestanden\props0045.xml --> home.kpn.nl /Astronomy/LorentzTransformation_bestanden props0045.xml
2018.09.16 11:56 B D:\Opslag\Stamboom_temp\Homepage\FamilyPrins\Astronomy\LorentzTransformation_bestanden\themedata.thmx --> home.kpn.nl /Astronomy/LorentzTransformation_bestanden themedata.thmx
2021.01.27 10:59 B E:\Opslag\Stamboom_temp\Homepage\Homepage_bij_Noelle_KPN\Astronomy\LorentzTransformation_bestanden\WS_FTP.LOG --> home.kpn.nl /Astronomy/LorentzTransformation_bestanden WS_FTP.LOG
2021.01.27 13:39 B E:\Opslag\Stamboom_temp\Homepage\Homepage_bij_Noelle_KPN\Astronomy\LorentzTransformation_bestanden\WS_FTP.LOG --> home.kpn.nl /Astronomy/LorentzTransformation_bestanden WS_FTP.LOG
