2018.09.16 11:56 B D:\Opslag\Stamboom_temp\Homepage\FamilyPrins\Astronomy\LightVelocityAlwaysTheSame_files\colorschememapping.xml --> home.kpn.nl /Astronomy/LightVelocityAlwaysTheSame_files colorschememapping.xml
2018.09.16 11:56 B D:\Opslag\Stamboom_temp\Homepage\FamilyPrins\Astronomy\LightVelocityAlwaysTheSame_files\filelist.xml --> home.kpn.nl /Astronomy/LightVelocityAlwaysTheSame_files filelist.xml
2018.09.16 11:56 B D:\Opslag\Stamboom_temp\Homepage\FamilyPrins\Astronomy\LightVelocityAlwaysTheSame_files\header.htm --> home.kpn.nl /Astronomy/LightVelocityAlwaysTheSame_files header.htm
2018.09.16 11:56 B D:\Opslag\Stamboom_temp\Homepage\FamilyPrins\Astronomy\LightVelocityAlwaysTheSame_files\image001.gif --> home.kpn.nl /Astronomy/LightVelocityAlwaysTheSame_files image001.gif
2018.09.16 11:56 B D:\Opslag\Stamboom_temp\Homepage\FamilyPrins\Astronomy\LightVelocityAlwaysTheSame_files\image002.png --> home.kpn.nl /Astronomy/LightVelocityAlwaysTheSame_files image002.png
2018.09.16 11:56 B D:\Opslag\Stamboom_temp\Homepage\FamilyPrins\Astronomy\LightVelocityAlwaysTheSame_files\image003.gif --> home.kpn.nl /Astronomy/LightVelocityAlwaysTheSame_files image003.gif
2018.09.16 11:56 B D:\Opslag\Stamboom_temp\Homepage\FamilyPrins\Astronomy\LightVelocityAlwaysTheSame_files\image004.png --> home.kpn.nl /Astronomy/LightVelocityAlwaysTheSame_files image004.png
2018.09.16 11:56 B D:\Opslag\Stamboom_temp\Homepage\FamilyPrins\Astronomy\LightVelocityAlwaysTheSame_files\image005.gif --> home.kpn.nl /Astronomy/LightVelocityAlwaysTheSame_files image005.gif
2018.09.16 11:56 B D:\Opslag\Stamboom_temp\Homepage\FamilyPrins\Astronomy\LightVelocityAlwaysTheSame_files\image006.png --> home.kpn.nl /Astronomy/LightVelocityAlwaysTheSame_files image006.png
2018.09.16 11:56 B D:\Opslag\Stamboom_temp\Homepage\FamilyPrins\Astronomy\LightVelocityAlwaysTheSame_files\image007.gif --> home.kpn.nl /Astronomy/LightVelocityAlwaysTheSame_files image007.gif
2018.09.16 11:56 B D:\Opslag\Stamboom_temp\Homepage\FamilyPrins\Astronomy\LightVelocityAlwaysTheSame_files\image008.png --> home.kpn.nl /Astronomy/LightVelocityAlwaysTheSame_files image008.png
2018.09.16 11:56 B D:\Opslag\Stamboom_temp\Homepage\FamilyPrins\Astronomy\LightVelocityAlwaysTheSame_files\image009.gif --> home.kpn.nl /Astronomy/LightVelocityAlwaysTheSame_files image009.gif
2018.09.16 11:56 B D:\Opslag\Stamboom_temp\Homepage\FamilyPrins\Astronomy\LightVelocityAlwaysTheSame_files\image010.png --> home.kpn.nl /Astronomy/LightVelocityAlwaysTheSame_files image010.png
2018.09.16 11:56 B D:\Opslag\Stamboom_temp\Homepage\FamilyPrins\Astronomy\LightVelocityAlwaysTheSame_files\image011.gif --> home.kpn.nl /Astronomy/LightVelocityAlwaysTheSame_files image011.gif
2018.09.16 11:56 B D:\Opslag\Stamboom_temp\Homepage\FamilyPrins\Astronomy\LightVelocityAlwaysTheSame_files\image012.png --> home.kpn.nl /Astronomy/LightVelocityAlwaysTheSame_files image012.png
2018.09.16 11:56 B D:\Opslag\Stamboom_temp\Homepage\FamilyPrins\Astronomy\LightVelocityAlwaysTheSame_files\image013.gif --> home.kpn.nl /Astronomy/LightVelocityAlwaysTheSame_files image013.gif
2018.09.16 11:56 B D:\Opslag\Stamboom_temp\Homepage\FamilyPrins\Astronomy\LightVelocityAlwaysTheSame_files\image014.png --> home.kpn.nl /Astronomy/LightVelocityAlwaysTheSame_files image014.png
2018.09.16 11:56 B D:\Opslag\Stamboom_temp\Homepage\FamilyPrins\Astronomy\LightVelocityAlwaysTheSame_files\image015.gif --> home.kpn.nl /Astronomy/LightVelocityAlwaysTheSame_files image015.gif
2018.09.16 11:56 B D:\Opslag\Stamboom_temp\Homepage\FamilyPrins\Astronomy\LightVelocityAlwaysTheSame_files\image016.png --> home.kpn.nl /Astronomy/LightVelocityAlwaysTheSame_files image016.png
2018.09.16 11:56 B D:\Opslag\Stamboom_temp\Homepage\FamilyPrins\Astronomy\LightVelocityAlwaysTheSame_files\image017.gif --> home.kpn.nl /Astronomy/LightVelocityAlwaysTheSame_files image017.gif
2018.09.16 11:56 B D:\Opslag\Stamboom_temp\Homepage\FamilyPrins\Astronomy\LightVelocityAlwaysTheSame_files\image018.png --> home.kpn.nl /Astronomy/LightVelocityAlwaysTheSame_files image018.png
2018.09.16 11:56 B D:\Opslag\Stamboom_temp\Homepage\FamilyPrins\Astronomy\LightVelocityAlwaysTheSame_files\image019.gif --> home.kpn.nl /Astronomy/LightVelocityAlwaysTheSame_files image019.gif
2018.09.16 11:56 B D:\Opslag\Stamboom_temp\Homepage\FamilyPrins\Astronomy\LightVelocityAlwaysTheSame_files\image020.png --> home.kpn.nl /Astronomy/LightVelocityAlwaysTheSame_files image020.png
2018.09.16 11:56 B D:\Opslag\Stamboom_temp\Homepage\FamilyPrins\Astronomy\LightVelocityAlwaysTheSame_files\image021.gif --> home.kpn.nl /Astronomy/LightVelocityAlwaysTheSame_files image021.gif
2018.09.16 11:56 B D:\Opslag\Stamboom_temp\Homepage\FamilyPrins\Astronomy\LightVelocityAlwaysTheSame_files\image022.png --> home.kpn.nl /Astronomy/LightVelocityAlwaysTheSame_files image022.png
2018.09.16 11:56 B D:\Opslag\Stamboom_temp\Homepage\FamilyPrins\Astronomy\LightVelocityAlwaysTheSame_files\image023.gif --> home.kpn.nl /Astronomy/LightVelocityAlwaysTheSame_files image023.gif
2018.09.16 11:56 B D:\Opslag\Stamboom_temp\Homepage\FamilyPrins\Astronomy\LightVelocityAlwaysTheSame_files\image024.png --> home.kpn.nl /Astronomy/LightVelocityAlwaysTheSame_files image024.png
2018.09.16 11:56 B D:\Opslag\Stamboom_temp\Homepage\FamilyPrins\Astronomy\LightVelocityAlwaysTheSame_files\image025.gif --> home.kpn.nl /Astronomy/LightVelocityAlwaysTheSame_files image025.gif
2018.09.16 11:56 B D:\Opslag\Stamboom_temp\Homepage\FamilyPrins\Astronomy\LightVelocityAlwaysTheSame_files\image026.png --> home.kpn.nl /Astronomy/LightVelocityAlwaysTheSame_files image026.png
2018.09.16 11:56 B D:\Opslag\Stamboom_temp\Homepage\FamilyPrins\Astronomy\LightVelocityAlwaysTheSame_files\image027.gif --> home.kpn.nl /Astronomy/LightVelocityAlwaysTheSame_files image027.gif
2018.09.16 11:56 B D:\Opslag\Stamboom_temp\Homepage\FamilyPrins\Astronomy\LightVelocityAlwaysTheSame_files\image028.png --> home.kpn.nl /Astronomy/LightVelocityAlwaysTheSame_files image028.png
2018.09.16 11:56 B D:\Opslag\Stamboom_temp\Homepage\FamilyPrins\Astronomy\LightVelocityAlwaysTheSame_files\image029.gif --> home.kpn.nl /Astronomy/LightVelocityAlwaysTheSame_files image029.gif
2018.09.16 11:56 B D:\Opslag\Stamboom_temp\Homepage\FamilyPrins\Astronomy\LightVelocityAlwaysTheSame_files\image030.png --> home.kpn.nl /Astronomy/LightVelocityAlwaysTheSame_files image030.png
2018.09.16 11:56 B D:\Opslag\Stamboom_temp\Homepage\FamilyPrins\Astronomy\LightVelocityAlwaysTheSame_files\image031.gif --> home.kpn.nl /Astronomy/LightVelocityAlwaysTheSame_files image031.gif
2018.09.16 11:56 B D:\Opslag\Stamboom_temp\Homepage\FamilyPrins\Astronomy\LightVelocityAlwaysTheSame_files\image032.png --> home.kpn.nl /Astronomy/LightVelocityAlwaysTheSame_files image032.png
2018.09.16 11:56 B D:\Opslag\Stamboom_temp\Homepage\FamilyPrins\Astronomy\LightVelocityAlwaysTheSame_files\image033.gif --> home.kpn.nl /Astronomy/LightVelocityAlwaysTheSame_files image033.gif
2018.09.16 11:56 B D:\Opslag\Stamboom_temp\Homepage\FamilyPrins\Astronomy\LightVelocityAlwaysTheSame_files\image034.png --> home.kpn.nl /Astronomy/LightVelocityAlwaysTheSame_files image034.png
2018.09.16 11:56 B D:\Opslag\Stamboom_temp\Homepage\FamilyPrins\Astronomy\LightVelocityAlwaysTheSame_files\image035.gif --> home.kpn.nl /Astronomy/LightVelocityAlwaysTheSame_files image035.gif
2018.09.16 11:56 B D:\Opslag\Stamboom_temp\Homepage\FamilyPrins\Astronomy\LightVelocityAlwaysTheSame_files\image036.png --> home.kpn.nl /Astronomy/LightVelocityAlwaysTheSame_files image036.png
2018.09.16 11:56 B D:\Opslag\Stamboom_temp\Homepage\FamilyPrins\Astronomy\LightVelocityAlwaysTheSame_files\image037.gif --> home.kpn.nl /Astronomy/LightVelocityAlwaysTheSame_files image037.gif
2018.09.16 11:56 B D:\Opslag\Stamboom_temp\Homepage\FamilyPrins\Astronomy\LightVelocityAlwaysTheSame_files\image038.png --> home.kpn.nl /Astronomy/LightVelocityAlwaysTheSame_files image038.png
2018.09.16 11:56 B D:\Opslag\Stamboom_temp\Homepage\FamilyPrins\Astronomy\LightVelocityAlwaysTheSame_files\image039.gif --> home.kpn.nl /Astronomy/LightVelocityAlwaysTheSame_files image039.gif
2018.09.16 11:56 B D:\Opslag\Stamboom_temp\Homepage\FamilyPrins\Astronomy\LightVelocityAlwaysTheSame_files\image040.gif --> home.kpn.nl /Astronomy/LightVelocityAlwaysTheSame_files image040.gif
2018.09.16 11:56 B D:\Opslag\Stamboom_temp\Homepage\FamilyPrins\Astronomy\LightVelocityAlwaysTheSame_files\image041.png --> home.kpn.nl /Astronomy/LightVelocityAlwaysTheSame_files image041.png
2018.09.16 11:56 B D:\Opslag\Stamboom_temp\Homepage\FamilyPrins\Astronomy\LightVelocityAlwaysTheSame_files\image042.gif --> home.kpn.nl /Astronomy/LightVelocityAlwaysTheSame_files image042.gif
2018.09.16 11:56 B D:\Opslag\Stamboom_temp\Homepage\FamilyPrins\Astronomy\LightVelocityAlwaysTheSame_files\image043.png --> home.kpn.nl /Astronomy/LightVelocityAlwaysTheSame_files image043.png
2018.09.16 11:56 B D:\Opslag\Stamboom_temp\Homepage\FamilyPrins\Astronomy\LightVelocityAlwaysTheSame_files\image044.gif --> home.kpn.nl /Astronomy/LightVelocityAlwaysTheSame_files image044.gif
2018.09.16 11:56 B D:\Opslag\Stamboom_temp\Homepage\FamilyPrins\Astronomy\LightVelocityAlwaysTheSame_files\image045.png --> home.kpn.nl /Astronomy/LightVelocityAlwaysTheSame_files image045.png
2018.09.16 11:56 B D:\Opslag\Stamboom_temp\Homepage\FamilyPrins\Astronomy\LightVelocityAlwaysTheSame_files\image046.gif --> home.kpn.nl /Astronomy/LightVelocityAlwaysTheSame_files image046.gif
2018.09.16 11:56 B D:\Opslag\Stamboom_temp\Homepage\FamilyPrins\Astronomy\LightVelocityAlwaysTheSame_files\image047.png --> home.kpn.nl /Astronomy/LightVelocityAlwaysTheSame_files image047.png
2018.09.16 11:56 B D:\Opslag\Stamboom_temp\Homepage\FamilyPrins\Astronomy\LightVelocityAlwaysTheSame_files\image048.gif --> home.kpn.nl /Astronomy/LightVelocityAlwaysTheSame_files image048.gif
2018.09.16 11:56 B D:\Opslag\Stamboom_temp\Homepage\FamilyPrins\Astronomy\LightVelocityAlwaysTheSame_files\image049.png --> home.kpn.nl /Astronomy/LightVelocityAlwaysTheSame_files image049.png
2018.09.16 11:56 B D:\Opslag\Stamboom_temp\Homepage\FamilyPrins\Astronomy\LightVelocityAlwaysTheSame_files\image050.gif --> home.kpn.nl /Astronomy/LightVelocityAlwaysTheSame_files image050.gif
2018.09.16 11:56 B D:\Opslag\Stamboom_temp\Homepage\FamilyPrins\Astronomy\LightVelocityAlwaysTheSame_files\image051.png --> home.kpn.nl /Astronomy/LightVelocityAlwaysTheSame_files image051.png
2018.09.16 11:56 B D:\Opslag\Stamboom_temp\Homepage\FamilyPrins\Astronomy\LightVelocityAlwaysTheSame_files\image052.gif --> home.kpn.nl /Astronomy/LightVelocityAlwaysTheSame_files image052.gif
2018.09.16 11:56 B D:\Opslag\Stamboom_temp\Homepage\FamilyPrins\Astronomy\LightVelocityAlwaysTheSame_files\image053.png --> home.kpn.nl /Astronomy/LightVelocityAlwaysTheSame_files image053.png
2018.09.16 11:56 B D:\Opslag\Stamboom_temp\Homepage\FamilyPrins\Astronomy\LightVelocityAlwaysTheSame_files\image054.gif --> home.kpn.nl /Astronomy/LightVelocityAlwaysTheSame_files image054.gif
2018.09.16 11:56 B D:\Opslag\Stamboom_temp\Homepage\FamilyPrins\Astronomy\LightVelocityAlwaysTheSame_files\image055.png --> home.kpn.nl /Astronomy/LightVelocityAlwaysTheSame_files image055.png
2018.09.16 11:56 B D:\Opslag\Stamboom_temp\Homepage\FamilyPrins\Astronomy\LightVelocityAlwaysTheSame_files\image056.gif --> home.kpn.nl /Astronomy/LightVelocityAlwaysTheSame_files image056.gif
2018.09.16 11:56 B D:\Opslag\Stamboom_temp\Homepage\FamilyPrins\Astronomy\LightVelocityAlwaysTheSame_files\image057.png --> home.kpn.nl /Astronomy/LightVelocityAlwaysTheSame_files image057.png
2018.09.16 11:56 B D:\Opslag\Stamboom_temp\Homepage\FamilyPrins\Astronomy\LightVelocityAlwaysTheSame_files\image058.gif --> home.kpn.nl /Astronomy/LightVelocityAlwaysTheSame_files image058.gif
2018.09.16 11:56 B D:\Opslag\Stamboom_temp\Homepage\FamilyPrins\Astronomy\LightVelocityAlwaysTheSame_files\image059.png --> home.kpn.nl /Astronomy/LightVelocityAlwaysTheSame_files image059.png
2018.09.16 11:56 B D:\Opslag\Stamboom_temp\Homepage\FamilyPrins\Astronomy\LightVelocityAlwaysTheSame_files\image060.gif --> home.kpn.nl /Astronomy/LightVelocityAlwaysTheSame_files image060.gif
2018.09.16 11:56 B D:\Opslag\Stamboom_temp\Homepage\FamilyPrins\Astronomy\LightVelocityAlwaysTheSame_files\image061.png --> home.kpn.nl /Astronomy/LightVelocityAlwaysTheSame_files image061.png
2018.09.16 11:56 B D:\Opslag\Stamboom_temp\Homepage\FamilyPrins\Astronomy\LightVelocityAlwaysTheSame_files\image062.gif --> home.kpn.nl /Astronomy/LightVelocityAlwaysTheSame_files image062.gif
2018.09.16 11:56 B D:\Opslag\Stamboom_temp\Homepage\FamilyPrins\Astronomy\LightVelocityAlwaysTheSame_files\image063.png --> home.kpn.nl /Astronomy/LightVelocityAlwaysTheSame_files image063.png
2018.09.16 11:56 B D:\Opslag\Stamboom_temp\Homepage\FamilyPrins\Astronomy\LightVelocityAlwaysTheSame_files\image064.gif --> home.kpn.nl /Astronomy/LightVelocityAlwaysTheSame_files image064.gif
2018.09.16 11:56 B D:\Opslag\Stamboom_temp\Homepage\FamilyPrins\Astronomy\LightVelocityAlwaysTheSame_files\image065.gif --> home.kpn.nl /Astronomy/LightVelocityAlwaysTheSame_files image065.gif
2018.09.16 11:56 B D:\Opslag\Stamboom_temp\Homepage\FamilyPrins\Astronomy\LightVelocityAlwaysTheSame_files\image066.png --> home.kpn.nl /Astronomy/LightVelocityAlwaysTheSame_files image066.png
2018.09.16 11:56 B D:\Opslag\Stamboom_temp\Homepage\FamilyPrins\Astronomy\LightVelocityAlwaysTheSame_files\image067.gif --> home.kpn.nl /Astronomy/LightVelocityAlwaysTheSame_files image067.gif
2018.09.16 11:56 B D:\Opslag\Stamboom_temp\Homepage\FamilyPrins\Astronomy\LightVelocityAlwaysTheSame_files\image068.png --> home.kpn.nl /Astronomy/LightVelocityAlwaysTheSame_files image068.png
2018.09.16 11:56 B D:\Opslag\Stamboom_temp\Homepage\FamilyPrins\Astronomy\LightVelocityAlwaysTheSame_files\image069.gif --> home.kpn.nl /Astronomy/LightVelocityAlwaysTheSame_files image069.gif
2018.09.16 11:56 B D:\Opslag\Stamboom_temp\Homepage\FamilyPrins\Astronomy\LightVelocityAlwaysTheSame_files\item0076.xml --> home.kpn.nl /Astronomy/LightVelocityAlwaysTheSame_files item0076.xml
2018.09.16 11:56 B D:\Opslag\Stamboom_temp\Homepage\FamilyPrins\Astronomy\LightVelocityAlwaysTheSame_files\props0077.xml --> home.kpn.nl /Astronomy/LightVelocityAlwaysTheSame_files props0077.xml
2018.09.16 11:56 B D:\Opslag\Stamboom_temp\Homepage\FamilyPrins\Astronomy\LightVelocityAlwaysTheSame_files\themedata.thmx --> home.kpn.nl /Astronomy/LightVelocityAlwaysTheSame_files themedata.thmx
2021.01.27 10:59 B E:\Opslag\Stamboom_temp\Homepage\Homepage_bij_Noelle_KPN\Astronomy\LightVelocityAlwaysTheSame_files\WS_FTP.LOG --> home.kpn.nl /Astronomy/LightVelocityAlwaysTheSame_files WS_FTP.LOG
2021.01.27 13:39 B E:\Opslag\Stamboom_temp\Homepage\Homepage_bij_Noelle_KPN\Astronomy\LightVelocityAlwaysTheSame_files\WS_FTP.LOG --> home.kpn.nl /Astronomy/LightVelocityAlwaysTheSame_files WS_FTP.LOG
