2021.01.27 15:43 B E:\Opslag\Stamboom_temp\Homepage\Homepage_bij_Noelle_KPN\Genealogy\renkema_gen\arrow01.gif --> home.kpn.nl /Genealogy/renkema_gen arrow01.gif
2021.01.27 15:43 B E:\Opslag\Stamboom_temp\Homepage\Homepage_bij_Noelle_KPN\Genealogy\renkema_gen\bluepin1.gif --> home.kpn.nl /Genealogy/renkema_gen bluepin1.gif
2021.01.27 15:43 B E:\Opslag\Stamboom_temp\Homepage\Homepage_bij_Noelle_KPN\Genealogy\renkema_gen\colorsqu.gif --> home.kpn.nl /Genealogy/renkema_gen colorsqu.gif
2021.01.27 15:43 B E:\Opslag\Stamboom_temp\Homepage\Homepage_bij_Noelle_KPN\Genealogy\renkema_gen\d1.htm --> home.kpn.nl /Genealogy/renkema_gen d1.htm
2021.01.27 15:43 B E:\Opslag\Stamboom_temp\Homepage\Homepage_bij_Noelle_KPN\Genealogy\renkema_gen\email.gif --> home.kpn.nl /Genealogy/renkema_gen email.gif
2021.01.27 15:43 B E:\Opslag\Stamboom_temp\Homepage\Homepage_bij_Noelle_KPN\Genealogy\renkema_gen\index.htm --> home.kpn.nl /Genealogy/renkema_gen index.htm
2021.01.27 15:43 B E:\Opslag\Stamboom_temp\Homepage\Homepage_bij_Noelle_KPN\Genealogy\renkema_gen\names.htm --> home.kpn.nl /Genealogy/renkema_gen names.htm
2021.01.27 15:43 B E:\Opslag\Stamboom_temp\Homepage\Homepage_bij_Noelle_KPN\Genealogy\renkema_gen\names1.htm --> home.kpn.nl /Genealogy/renkema_gen names1.htm
2021.01.27 15:43 B E:\Opslag\Stamboom_temp\Homepage\Homepage_bij_Noelle_KPN\Genealogy\renkema_gen\names10.htm --> home.kpn.nl /Genealogy/renkema_gen names10.htm
2021.01.27 15:43 B E:\Opslag\Stamboom_temp\Homepage\Homepage_bij_Noelle_KPN\Genealogy\renkema_gen\names11.htm --> home.kpn.nl /Genealogy/renkema_gen names11.htm
2021.01.27 15:43 B E:\Opslag\Stamboom_temp\Homepage\Homepage_bij_Noelle_KPN\Genealogy\renkema_gen\names12.htm --> home.kpn.nl /Genealogy/renkema_gen names12.htm
2021.01.27 15:43 B E:\Opslag\Stamboom_temp\Homepage\Homepage_bij_Noelle_KPN\Genealogy\renkema_gen\names13.htm --> home.kpn.nl /Genealogy/renkema_gen names13.htm
2021.01.27 15:43 B E:\Opslag\Stamboom_temp\Homepage\Homepage_bij_Noelle_KPN\Genealogy\renkema_gen\names14.htm --> home.kpn.nl /Genealogy/renkema_gen names14.htm
2021.01.27 15:43 B E:\Opslag\Stamboom_temp\Homepage\Homepage_bij_Noelle_KPN\Genealogy\renkema_gen\names15.htm --> home.kpn.nl /Genealogy/renkema_gen names15.htm
2021.01.27 15:43 B E:\Opslag\Stamboom_temp\Homepage\Homepage_bij_Noelle_KPN\Genealogy\renkema_gen\names16.htm --> home.kpn.nl /Genealogy/renkema_gen names16.htm
2021.01.27 15:43 B E:\Opslag\Stamboom_temp\Homepage\Homepage_bij_Noelle_KPN\Genealogy\renkema_gen\names2.htm --> home.kpn.nl /Genealogy/renkema_gen names2.htm
2021.01.27 15:43 B E:\Opslag\Stamboom_temp\Homepage\Homepage_bij_Noelle_KPN\Genealogy\renkema_gen\names3.htm --> home.kpn.nl /Genealogy/renkema_gen names3.htm
2021.01.27 15:43 B E:\Opslag\Stamboom_temp\Homepage\Homepage_bij_Noelle_KPN\Genealogy\renkema_gen\names4.htm --> home.kpn.nl /Genealogy/renkema_gen names4.htm
2021.01.27 15:43 B E:\Opslag\Stamboom_temp\Homepage\Homepage_bij_Noelle_KPN\Genealogy\renkema_gen\names5.htm --> home.kpn.nl /Genealogy/renkema_gen names5.htm
2021.01.27 15:43 B E:\Opslag\Stamboom_temp\Homepage\Homepage_bij_Noelle_KPN\Genealogy\renkema_gen\names6.htm --> home.kpn.nl /Genealogy/renkema_gen names6.htm
2021.01.27 15:43 B E:\Opslag\Stamboom_temp\Homepage\Homepage_bij_Noelle_KPN\Genealogy\renkema_gen\names7.htm --> home.kpn.nl /Genealogy/renkema_gen names7.htm
2021.01.27 15:43 B E:\Opslag\Stamboom_temp\Homepage\Homepage_bij_Noelle_KPN\Genealogy\renkema_gen\names8.htm --> home.kpn.nl /Genealogy/renkema_gen names8.htm
2021.01.27 15:43 B E:\Opslag\Stamboom_temp\Homepage\Homepage_bij_Noelle_KPN\Genealogy\renkema_gen\names9.htm --> home.kpn.nl /Genealogy/renkema_gen names9.htm
2021.01.27 15:43 B E:\Opslag\Stamboom_temp\Homepage\Homepage_bij_Noelle_KPN\Genealogy\renkema_gen\next.jpg --> home.kpn.nl /Genealogy/renkema_gen next.jpg
2021.01.27 15:43 B E:\Opslag\Stamboom_temp\Homepage\Homepage_bij_Noelle_KPN\Genealogy\renkema_gen\niceblue.gif --> home.kpn.nl /Genealogy/renkema_gen niceblue.gif
2021.01.27 15:43 B E:\Opslag\Stamboom_temp\Homepage\Homepage_bij_Noelle_KPN\Genealogy\renkema_gen\prev.jpg --> home.kpn.nl /Genealogy/renkema_gen prev.jpg
2021.01.27 15:43 B E:\Opslag\Stamboom_temp\Homepage\Homepage_bij_Noelle_KPN\Genealogy\renkema_gen\sources.htm --> home.kpn.nl /Genealogy/renkema_gen sources.htm
2021.01.27 15:43 B E:\Opslag\Stamboom_temp\Homepage\Homepage_bij_Noelle_KPN\Genealogy\renkema_gen\surnames.htm --> home.kpn.nl /Genealogy/renkema_gen surnames.htm
