2021.01.28 17:30 B E:\Opslag\Stamboom_temp\Homepage\Homepage_bij_Noelle_KPN\Genealogy\baas_gen\media\103pietjehomoet.jpg --> home.kpn.nl /Genealogy/baas_gen/media 103pietjehomoet.jpg
2021.01.28 17:30 B E:\Opslag\Stamboom_temp\Homepage\Homepage_bij_Noelle_KPN\Genealogy\baas_gen\media\147adrispeksnijder.jpg --> home.kpn.nl /Genealogy/baas_gen/media 147adrispeksnijder.jpg
2021.01.28 17:30 B E:\Opslag\Stamboom_temp\Homepage\Homepage_bij_Noelle_KPN\Genealogy\baas_gen\media\148-gerard_baas.jpg --> home.kpn.nl /Genealogy/baas_gen/media 148-gerard_baas.jpg
2021.01.28 17:30 B E:\Opslag\Stamboom_temp\Homepage\Homepage_bij_Noelle_KPN\Genealogy\baas_gen\media\152marieboth.jpg --> home.kpn.nl /Genealogy/baas_gen/media 152marieboth.jpg
2021.01.28 17:30 B E:\Opslag\Stamboom_temp\Homepage\Homepage_bij_Noelle_KPN\Genealogy\baas_gen\media\160dirkgaal.jpg --> home.kpn.nl /Genealogy/baas_gen/media 160dirkgaal.jpg
2021.01.28 17:30 B E:\Opslag\Stamboom_temp\Homepage\Homepage_bij_Noelle_KPN\Genealogy\baas_gen\media\24323leendertkeesmaat.jpg --> home.kpn.nl /Genealogy/baas_gen/media 24323leendertkeesmaat.jpg
2021.01.28 17:30 B E:\Opslag\Stamboom_temp\Homepage\Homepage_bij_Noelle_KPN\Genealogy\baas_gen\media\27_antjenouwen.jpg --> home.kpn.nl /Genealogy/baas_gen/media 27_antjenouwen.jpg
2021.01.28 17:30 B E:\Opslag\Stamboom_temp\Homepage\Homepage_bij_Noelle_KPN\Genealogy\baas_gen\media\31_gerrit_baas.jpg --> home.kpn.nl /Genealogy/baas_gen/media 31_gerrit_baas.jpg
2021.01.28 17:30 B E:\Opslag\Stamboom_temp\Homepage\Homepage_bij_Noelle_KPN\Genealogy\baas_gen\media\37neeltjedepater.jpg --> home.kpn.nl /Genealogy/baas_gen/media 37neeltjedepater.jpg
2021.01.28 17:30 B E:\Opslag\Stamboom_temp\Homepage\Homepage_bij_Noelle_KPN\Genealogy\baas_gen\media\38gerritbaas.jpg --> home.kpn.nl /Genealogy/baas_gen/media 38gerritbaas.jpg
2021.01.28 17:30 B E:\Opslag\Stamboom_temp\Homepage\Homepage_bij_Noelle_KPN\Genealogy\baas_gen\media\41neeltjekeesmaat.jpg --> home.kpn.nl /Genealogy/baas_gen/media 41neeltjekeesmaat.jpg
2021.01.28 17:30 B E:\Opslag\Stamboom_temp\Homepage\Homepage_bij_Noelle_KPN\Genealogy\baas_gen\media\42neeltjebaas.jpg --> home.kpn.nl /Genealogy/baas_gen/media 42neeltjebaas.jpg
2021.01.28 17:30 B E:\Opslag\Stamboom_temp\Homepage\Homepage_bij_Noelle_KPN\Genealogy\baas_gen\media\43ewoutbaas.jpg --> home.kpn.nl /Genealogy/baas_gen/media 43ewoutbaas.jpg
2021.01.28 17:30 B E:\Opslag\Stamboom_temp\Homepage\Homepage_bij_Noelle_KPN\Genealogy\baas_gen\media\45mariabaas.jpg --> home.kpn.nl /Genealogy/baas_gen/media 45mariabaas.jpg
2021.01.28 17:30 B E:\Opslag\Stamboom_temp\Homepage\Homepage_bij_Noelle_KPN\Genealogy\baas_gen\media\46739francijntje_wetselaar.jpg --> home.kpn.nl /Genealogy/baas_gen/media 46739francijntje_wetselaar.jpg
2021.01.28 17:30 B E:\Opslag\Stamboom_temp\Homepage\Homepage_bij_Noelle_KPN\Genealogy\baas_gen\media\47leenbaastrimmed.jpg --> home.kpn.nl /Genealogy/baas_gen/media 47leenbaastrimmed.jpg
2021.01.28 17:30 B E:\Opslag\Stamboom_temp\Homepage\Homepage_bij_Noelle_KPN\Genealogy\baas_gen\media\48huigbaastrimmed.jpg --> home.kpn.nl /Genealogy/baas_gen/media 48huigbaastrimmed.jpg
2021.01.28 17:30 B E:\Opslag\Stamboom_temp\Homepage\Homepage_bij_Noelle_KPN\Genealogy\baas_gen\media\49ome_arie_tante_rennietrimme.jpg --> home.kpn.nl /Genealogy/baas_gen/media 49ome_arie_tante_rennietrimme.jpg
2021.01.28 17:30 B E:\Opslag\Stamboom_temp\Homepage\Homepage_bij_Noelle_KPN\Genealogy\baas_gen\media\54_geboorte_huig_baas.jpg --> home.kpn.nl /Genealogy/baas_gen/media 54_geboorte_huig_baas.jpg
2021.01.28 17:30 B E:\Opslag\Stamboom_temp\Homepage\Homepage_bij_Noelle_KPN\Genealogy\baas_gen\media\682_aagje_van_steenis.jpg --> home.kpn.nl /Genealogy/baas_gen/media 682_aagje_van_steenis.jpg
2021.01.28 17:30 B E:\Opslag\Stamboom_temp\Homepage\Homepage_bij_Noelle_KPN\Genealogy\baas_gen\media\88bertusprins.jpg --> home.kpn.nl /Genealogy/baas_gen/media 88bertusprins.jpg
2021.01.28 17:30 B E:\Opslag\Stamboom_temp\Homepage\Homepage_bij_Noelle_KPN\Genealogy\baas_gen\media\9717_gerrit_baas.jpg --> home.kpn.nl /Genealogy/baas_gen/media 9717_gerrit_baas.jpg
2021.01.28 18:58 B E:\Opslag\Stamboom_temp\Homepage\Homepage_bij_Noelle_KPN\Genealogy\baas_gen\media\WS_FTP.LOG --> home.kpn.nl /Genealogy/baas_gen/media WS_FTP.LOG
