2018.09.16 11:58 B D:\Opslag\Stamboom_temp\Homepage\FamilyPrins\Astronomy\Time Dilation_files\colorschememapping.xml --> home.kpn.nl /Astronomy/Time Dilation_files colorschememapping.xml
2018.09.16 11:58 B D:\Opslag\Stamboom_temp\Homepage\FamilyPrins\Astronomy\Time Dilation_files\filelist.xml --> home.kpn.nl /Astronomy/Time Dilation_files filelist.xml
2018.09.16 11:58 B D:\Opslag\Stamboom_temp\Homepage\FamilyPrins\Astronomy\Time Dilation_files\image002.png --> home.kpn.nl /Astronomy/Time Dilation_files image002.png
2018.09.16 11:58 B D:\Opslag\Stamboom_temp\Homepage\FamilyPrins\Astronomy\Time Dilation_files\image006.png --> home.kpn.nl /Astronomy/Time Dilation_files image006.png
2018.09.16 11:58 B D:\Opslag\Stamboom_temp\Homepage\FamilyPrins\Astronomy\Time Dilation_files\image008.png --> home.kpn.nl /Astronomy/Time Dilation_files image008.png
2018.09.16 11:58 B D:\Opslag\Stamboom_temp\Homepage\FamilyPrins\Astronomy\Time Dilation_files\image010.png --> home.kpn.nl /Astronomy/Time Dilation_files image010.png
2018.09.16 11:58 B D:\Opslag\Stamboom_temp\Homepage\FamilyPrins\Astronomy\Time Dilation_files\image012.png --> home.kpn.nl /Astronomy/Time Dilation_files image012.png
2018.09.16 11:58 B D:\Opslag\Stamboom_temp\Homepage\FamilyPrins\Astronomy\Time Dilation_files\image018.png --> home.kpn.nl /Astronomy/Time Dilation_files image018.png
2018.09.16 11:58 B D:\Opslag\Stamboom_temp\Homepage\FamilyPrins\Astronomy\Time Dilation_files\image020.png --> home.kpn.nl /Astronomy/Time Dilation_files image020.png
2018.09.16 11:58 B D:\Opslag\Stamboom_temp\Homepage\FamilyPrins\Astronomy\Time Dilation_files\image028.gif --> home.kpn.nl /Astronomy/Time Dilation_files image028.gif
2018.09.16 11:58 B D:\Opslag\Stamboom_temp\Homepage\FamilyPrins\Astronomy\Time Dilation_files\image029.gif --> home.kpn.nl /Astronomy/Time Dilation_files image029.gif
2018.09.16 11:58 B D:\Opslag\Stamboom_temp\Homepage\FamilyPrins\Astronomy\Time Dilation_files\image030.png --> home.kpn.nl /Astronomy/Time Dilation_files image030.png
2018.09.16 11:58 B D:\Opslag\Stamboom_temp\Homepage\FamilyPrins\Astronomy\Time Dilation_files\image031.gif --> home.kpn.nl /Astronomy/Time Dilation_files image031.gif
2018.09.16 11:58 B D:\Opslag\Stamboom_temp\Homepage\FamilyPrins\Astronomy\Time Dilation_files\image032.gif --> home.kpn.nl /Astronomy/Time Dilation_files image032.gif
2018.09.16 11:58 B D:\Opslag\Stamboom_temp\Homepage\FamilyPrins\Astronomy\Time Dilation_files\image033.gif --> home.kpn.nl /Astronomy/Time Dilation_files image033.gif
2018.09.16 11:58 B D:\Opslag\Stamboom_temp\Homepage\FamilyPrins\Astronomy\Time Dilation_files\image034.gif --> home.kpn.nl /Astronomy/Time Dilation_files image034.gif
2018.09.16 11:58 B D:\Opslag\Stamboom_temp\Homepage\FamilyPrins\Astronomy\Time Dilation_files\image035.gif --> home.kpn.nl /Astronomy/Time Dilation_files image035.gif
2018.09.16 11:58 B D:\Opslag\Stamboom_temp\Homepage\FamilyPrins\Astronomy\Time Dilation_files\image036.png --> home.kpn.nl /Astronomy/Time Dilation_files image036.png
2018.09.16 11:58 B D:\Opslag\Stamboom_temp\Homepage\FamilyPrins\Astronomy\Time Dilation_files\image037.gif --> home.kpn.nl /Astronomy/Time Dilation_files image037.gif
2018.09.16 11:58 B D:\Opslag\Stamboom_temp\Homepage\FamilyPrins\Astronomy\Time Dilation_files\image038.png --> home.kpn.nl /Astronomy/Time Dilation_files image038.png
2018.09.16 11:58 B D:\Opslag\Stamboom_temp\Homepage\FamilyPrins\Astronomy\Time Dilation_files\image039.gif --> home.kpn.nl /Astronomy/Time Dilation_files image039.gif
2018.09.16 11:58 B D:\Opslag\Stamboom_temp\Homepage\FamilyPrins\Astronomy\Time Dilation_files\image040.gif --> home.kpn.nl /Astronomy/Time Dilation_files image040.gif
2018.09.16 11:58 B D:\Opslag\Stamboom_temp\Homepage\FamilyPrins\Astronomy\Time Dilation_files\image041.gif --> home.kpn.nl /Astronomy/Time Dilation_files image041.gif
2018.09.16 11:58 B D:\Opslag\Stamboom_temp\Homepage\FamilyPrins\Astronomy\Time Dilation_files\image042.png --> home.kpn.nl /Astronomy/Time Dilation_files image042.png
2018.09.16 11:58 B D:\Opslag\Stamboom_temp\Homepage\FamilyPrins\Astronomy\Time Dilation_files\image043.gif --> home.kpn.nl /Astronomy/Time Dilation_files image043.gif
2018.09.16 11:58 B D:\Opslag\Stamboom_temp\Homepage\FamilyPrins\Astronomy\Time Dilation_files\image044.png --> home.kpn.nl /Astronomy/Time Dilation_files image044.png
2018.09.16 11:58 B D:\Opslag\Stamboom_temp\Homepage\FamilyPrins\Astronomy\Time Dilation_files\image045.gif --> home.kpn.nl /Astronomy/Time Dilation_files image045.gif
2018.09.16 11:58 B D:\Opslag\Stamboom_temp\Homepage\FamilyPrins\Astronomy\Time Dilation_files\image046.png --> home.kpn.nl /Astronomy/Time Dilation_files image046.png
2018.09.16 11:58 B D:\Opslag\Stamboom_temp\Homepage\FamilyPrins\Astronomy\Time Dilation_files\image047.gif --> home.kpn.nl /Astronomy/Time Dilation_files image047.gif
2018.09.16 11:58 B D:\Opslag\Stamboom_temp\Homepage\FamilyPrins\Astronomy\Time Dilation_files\themedata.thmx --> home.kpn.nl /Astronomy/Time Dilation_files themedata.thmx
2021.01.27 11:00 B E:\Opslag\Stamboom_temp\Homepage\Homepage_bij_Noelle_KPN\Astronomy\Time Dilation_files\WS_FTP.LOG --> home.kpn.nl /Astronomy/Time Dilation_files WS_FTP.LOG
2021.01.27 13:39 B E:\Opslag\Stamboom_temp\Homepage\Homepage_bij_Noelle_KPN\Astronomy\Time Dilation_files\WS_FTP.LOG --> home.kpn.nl /Astronomy/Time Dilation_files WS_FTP.LOG
