2021.01.27 11:04 B E:\Opslag\Stamboom_temp\Homepage\Homepage_bij_Noelle_KPN\Genealogy\ancestors_albert_prins\media\10424cranendonck1.jpg --> home.kpn.nl /ancestors_albert_prins/media 10424cranendonck1.jpg
2021.01.27 11:04 B E:\Opslag\Stamboom_temp\Homepage\Homepage_bij_Noelle_KPN\Genealogy\ancestors_albert_prins\media\11887slingelandt.jpg --> home.kpn.nl /ancestors_albert_prins/media 11887slingelandt.jpg
2021.01.27 11:04 B E:\Opslag\Stamboom_temp\Homepage\Homepage_bij_Noelle_KPN\Genealogy\ancestors_albert_prins\media\11888slingeland.jpg --> home.kpn.nl /ancestors_albert_prins/media 11888slingeland.jpg
2021.01.27 11:04 B E:\Opslag\Stamboom_temp\Homepage\Homepage_bij_Noelle_KPN\Genealogy\ancestors_albert_prins\media\14124vanamstel.jpg --> home.kpn.nl /ancestors_albert_prins/media 14124vanamstel.jpg
2021.01.27 11:04 B E:\Opslag\Stamboom_temp\Homepage\Homepage_bij_Noelle_KPN\Genealogy\ancestors_albert_prins\media\14125cuyck.jpg --> home.kpn.nl /ancestors_albert_prins/media 14125cuyck.jpg
2021.01.27 11:04 B E:\Opslag\Stamboom_temp\Homepage\Homepage_bij_Noelle_KPN\Genealogy\ancestors_albert_prins\media\162_anneke_bisschop.jpg --> home.kpn.nl /ancestors_albert_prins/media 162_anneke_bisschop.jpg
2021.01.27 11:04 B E:\Opslag\Stamboom_temp\Homepage\Homepage_bij_Noelle_KPN\Genealogy\ancestors_albert_prins\media\17220braatwapen.jpg --> home.kpn.nl /ancestors_albert_prins/media 17220braatwapen.jpg
2021.01.27 11:04 B E:\Opslag\Stamboom_temp\Homepage\Homepage_bij_Noelle_KPN\Genealogy\ancestors_albert_prins\media\20282besemerwapen.jpg --> home.kpn.nl /ancestors_albert_prins/media 20282besemerwapen.jpg
2021.01.27 11:04 B E:\Opslag\Stamboom_temp\Homepage\Homepage_bij_Noelle_KPN\Genealogy\ancestors_albert_prins\media\20661van_arkel.jpg --> home.kpn.nl /ancestors_albert_prins/media 20661van_arkel.jpg
2021.01.27 11:04 B E:\Opslag\Stamboom_temp\Homepage\Homepage_bij_Noelle_KPN\Genealogy\ancestors_albert_prins\media\21026vermaat.jpg --> home.kpn.nl /ancestors_albert_prins/media 21026vermaat.jpg
2021.01.27 11:04 B E:\Opslag\Stamboom_temp\Homepage\Homepage_bij_Noelle_KPN\Genealogy\ancestors_albert_prins\media\210gerritprinsklaartjevanalphengroot.jpg --> home.kpn.nl /ancestors_albert_prins/media 210gerritprinsklaartjevanalphengroot.jpg
2021.01.27 11:04 B E:\Opslag\Stamboom_temp\Homepage\Homepage_bij_Noelle_KPN\Genealogy\ancestors_albert_prins\media\211klaartjevanalphen.jpg --> home.kpn.nl /ancestors_albert_prins/media 211klaartjevanalphen.jpg
2021.01.27 11:04 B E:\Opslag\Stamboom_temp\Homepage\Homepage_bij_Noelle_KPN\Genealogy\ancestors_albert_prins\media\21960driel1.jpg --> home.kpn.nl /ancestors_albert_prins/media 21960driel1.jpg
2021.01.27 11:04 B E:\Opslag\Stamboom_temp\Homepage\Homepage_bij_Noelle_KPN\Genealogy\ancestors_albert_prins\media\31_gerrit_baas.jpg --> home.kpn.nl /ancestors_albert_prins/media 31_gerrit_baas.jpg
2021.01.27 11:04 B E:\Opslag\Stamboom_temp\Homepage\Homepage_bij_Noelle_KPN\Genealogy\ancestors_albert_prins\media\34707oemwijn.jpg --> home.kpn.nl /ancestors_albert_prins/media 34707oemwijn.jpg
2021.01.27 11:04 B E:\Opslag\Stamboom_temp\Homepage\Homepage_bij_Noelle_KPN\Genealogy\ancestors_albert_prins\media\37neeltjedepater.jpg --> home.kpn.nl /ancestors_albert_prins/media 37neeltjedepater.jpg
2021.01.27 11:04 B E:\Opslag\Stamboom_temp\Homepage\Homepage_bij_Noelle_KPN\Genealogy\ancestors_albert_prins\media\38gerritbaas.jpg --> home.kpn.nl /ancestors_albert_prins/media 38gerritbaas.jpg
2021.01.27 11:04 B E:\Opslag\Stamboom_temp\Homepage\Homepage_bij_Noelle_KPN\Genealogy\ancestors_albert_prins\media\41neeltjekeesmaat.jpg --> home.kpn.nl /ancestors_albert_prins/media 41neeltjekeesmaat.jpg
2021.01.27 11:04 B E:\Opslag\Stamboom_temp\Homepage\Homepage_bij_Noelle_KPN\Genealogy\ancestors_albert_prins\media\42neeltjebaas.jpg --> home.kpn.nl /ancestors_albert_prins/media 42neeltjebaas.jpg
2021.01.27 11:04 B E:\Opslag\Stamboom_temp\Homepage\Homepage_bij_Noelle_KPN\Genealogy\ancestors_albert_prins\media\519_avandenoever.jpg --> home.kpn.nl /ancestors_albert_prins/media 519_avandenoever.jpg
2021.01.27 11:04 B E:\Opslag\Stamboom_temp\Homepage\Homepage_bij_Noelle_KPN\Genealogy\ancestors_albert_prins\media\52205rhoon.jpg --> home.kpn.nl /ancestors_albert_prins/media 52205rhoon.jpg
2021.01.27 11:04 B E:\Opslag\Stamboom_temp\Homepage\Homepage_bij_Noelle_KPN\Genealogy\ancestors_albert_prins\media\54_geboorte_huig_baas.jpg --> home.kpn.nl /ancestors_albert_prins/media 54_geboorte_huig_baas.jpg
2021.01.27 11:04 B E:\Opslag\Stamboom_temp\Homepage\Homepage_bij_Noelle_KPN\Genealogy\ancestors_albert_prins\media\608_alblasserdam1649.jpg --> home.kpn.nl /ancestors_albert_prins/media 608_alblasserdam1649.jpg
2021.01.27 11:04 B E:\Opslag\Stamboom_temp\Homepage\Homepage_bij_Noelle_KPN\Genealogy\ancestors_albert_prins\media\88bertusprins.jpg --> home.kpn.nl /ancestors_albert_prins/media 88bertusprins.jpg
2021.01.27 11:04 B E:\Opslag\Stamboom_temp\Homepage\Homepage_bij_Noelle_KPN\Genealogy\ancestors_albert_prins\media\89albert_2.jpg --> home.kpn.nl /ancestors_albert_prins/media 89albert_2.jpg
2021.01.27 11:04 B E:\Opslag\Stamboom_temp\Homepage\Homepage_bij_Noelle_KPN\Genealogy\ancestors_albert_prins\media\94596.jpg --> home.kpn.nl /ancestors_albert_prins/media 94596.jpg
2021.01.27 11:04 B E:\Opslag\Stamboom_temp\Homepage\Homepage_bij_Noelle_KPN\Genealogy\ancestors_albert_prins\media\9717_gerrit_baas.jpg --> home.kpn.nl /ancestors_albert_prins/media 9717_gerrit_baas.jpg
2021.01.27 13:43 B E:\Opslag\Stamboom_temp\Homepage\Homepage_bij_Noelle_KPN\Genealogy\ancestors_albert_prins\media\10424cranendonck1.jpg --> home.kpn.nl /Genealogy/ancestors_albert_prins/media 10424cranendonck1.jpg
2021.01.27 13:43 B E:\Opslag\Stamboom_temp\Homepage\Homepage_bij_Noelle_KPN\Genealogy\ancestors_albert_prins\media\11887slingelandt.jpg --> home.kpn.nl /Genealogy/ancestors_albert_prins/media 11887slingelandt.jpg
2021.01.27 13:43 B E:\Opslag\Stamboom_temp\Homepage\Homepage_bij_Noelle_KPN\Genealogy\ancestors_albert_prins\media\11888slingeland.jpg --> home.kpn.nl /Genealogy/ancestors_albert_prins/media 11888slingeland.jpg
2021.01.27 13:43 B E:\Opslag\Stamboom_temp\Homepage\Homepage_bij_Noelle_KPN\Genealogy\ancestors_albert_prins\media\14124vanamstel.jpg --> home.kpn.nl /Genealogy/ancestors_albert_prins/media 14124vanamstel.jpg
2021.01.27 13:43 B E:\Opslag\Stamboom_temp\Homepage\Homepage_bij_Noelle_KPN\Genealogy\ancestors_albert_prins\media\14125cuyck.jpg --> home.kpn.nl /Genealogy/ancestors_albert_prins/media 14125cuyck.jpg
2021.01.27 13:43 B E:\Opslag\Stamboom_temp\Homepage\Homepage_bij_Noelle_KPN\Genealogy\ancestors_albert_prins\media\162_anneke_bisschop.jpg --> home.kpn.nl /Genealogy/ancestors_albert_prins/media 162_anneke_bisschop.jpg
2021.01.27 13:43 B E:\Opslag\Stamboom_temp\Homepage\Homepage_bij_Noelle_KPN\Genealogy\ancestors_albert_prins\media\17220braatwapen.jpg --> home.kpn.nl /Genealogy/ancestors_albert_prins/media 17220braatwapen.jpg
2021.01.27 13:43 B E:\Opslag\Stamboom_temp\Homepage\Homepage_bij_Noelle_KPN\Genealogy\ancestors_albert_prins\media\20282besemerwapen.jpg --> home.kpn.nl /Genealogy/ancestors_albert_prins/media 20282besemerwapen.jpg
2021.01.27 13:43 B E:\Opslag\Stamboom_temp\Homepage\Homepage_bij_Noelle_KPN\Genealogy\ancestors_albert_prins\media\20661van_arkel.jpg --> home.kpn.nl /Genealogy/ancestors_albert_prins/media 20661van_arkel.jpg
2021.01.27 13:43 B E:\Opslag\Stamboom_temp\Homepage\Homepage_bij_Noelle_KPN\Genealogy\ancestors_albert_prins\media\21026vermaat.jpg --> home.kpn.nl /Genealogy/ancestors_albert_prins/media 21026vermaat.jpg
2021.01.27 13:43 B E:\Opslag\Stamboom_temp\Homepage\Homepage_bij_Noelle_KPN\Genealogy\ancestors_albert_prins\media\210gerritprinsklaartjevanalphengroot.jpg --> home.kpn.nl /Genealogy/ancestors_albert_prins/media 210gerritprinsklaartjevanalphengroot.jpg
2021.01.27 13:43 B E:\Opslag\Stamboom_temp\Homepage\Homepage_bij_Noelle_KPN\Genealogy\ancestors_albert_prins\media\211klaartjevanalphen.jpg --> home.kpn.nl /Genealogy/ancestors_albert_prins/media 211klaartjevanalphen.jpg
2021.01.27 13:43 B E:\Opslag\Stamboom_temp\Homepage\Homepage_bij_Noelle_KPN\Genealogy\ancestors_albert_prins\media\21960driel1.jpg --> home.kpn.nl /Genealogy/ancestors_albert_prins/media 21960driel1.jpg
2021.01.27 13:43 B E:\Opslag\Stamboom_temp\Homepage\Homepage_bij_Noelle_KPN\Genealogy\ancestors_albert_prins\media\31_gerrit_baas.jpg --> home.kpn.nl /Genealogy/ancestors_albert_prins/media 31_gerrit_baas.jpg
2021.01.27 13:43 B E:\Opslag\Stamboom_temp\Homepage\Homepage_bij_Noelle_KPN\Genealogy\ancestors_albert_prins\media\34707oemwijn.jpg --> home.kpn.nl /Genealogy/ancestors_albert_prins/media 34707oemwijn.jpg
2021.01.27 13:43 B E:\Opslag\Stamboom_temp\Homepage\Homepage_bij_Noelle_KPN\Genealogy\ancestors_albert_prins\media\37neeltjedepater.jpg --> home.kpn.nl /Genealogy/ancestors_albert_prins/media 37neeltjedepater.jpg
2021.01.27 13:43 B E:\Opslag\Stamboom_temp\Homepage\Homepage_bij_Noelle_KPN\Genealogy\ancestors_albert_prins\media\38gerritbaas.jpg --> home.kpn.nl /Genealogy/ancestors_albert_prins/media 38gerritbaas.jpg
2021.01.27 13:43 B E:\Opslag\Stamboom_temp\Homepage\Homepage_bij_Noelle_KPN\Genealogy\ancestors_albert_prins\media\41neeltjekeesmaat.jpg --> home.kpn.nl /Genealogy/ancestors_albert_prins/media 41neeltjekeesmaat.jpg
2021.01.27 13:43 B E:\Opslag\Stamboom_temp\Homepage\Homepage_bij_Noelle_KPN\Genealogy\ancestors_albert_prins\media\42neeltjebaas.jpg --> home.kpn.nl /Genealogy/ancestors_albert_prins/media 42neeltjebaas.jpg
2021.01.27 13:43 B E:\Opslag\Stamboom_temp\Homepage\Homepage_bij_Noelle_KPN\Genealogy\ancestors_albert_prins\media\519_avandenoever.jpg --> home.kpn.nl /Genealogy/ancestors_albert_prins/media 519_avandenoever.jpg
2021.01.27 13:43 B E:\Opslag\Stamboom_temp\Homepage\Homepage_bij_Noelle_KPN\Genealogy\ancestors_albert_prins\media\52205rhoon.jpg --> home.kpn.nl /Genealogy/ancestors_albert_prins/media 52205rhoon.jpg
2021.01.27 13:43 B E:\Opslag\Stamboom_temp\Homepage\Homepage_bij_Noelle_KPN\Genealogy\ancestors_albert_prins\media\54_geboorte_huig_baas.jpg --> home.kpn.nl /Genealogy/ancestors_albert_prins/media 54_geboorte_huig_baas.jpg
2021.01.27 13:43 B E:\Opslag\Stamboom_temp\Homepage\Homepage_bij_Noelle_KPN\Genealogy\ancestors_albert_prins\media\608_alblasserdam1649.jpg --> home.kpn.nl /Genealogy/ancestors_albert_prins/media 608_alblasserdam1649.jpg
2021.01.27 13:43 B E:\Opslag\Stamboom_temp\Homepage\Homepage_bij_Noelle_KPN\Genealogy\ancestors_albert_prins\media\88bertusprins.jpg --> home.kpn.nl /Genealogy/ancestors_albert_prins/media 88bertusprins.jpg
2021.01.27 13:43 B E:\Opslag\Stamboom_temp\Homepage\Homepage_bij_Noelle_KPN\Genealogy\ancestors_albert_prins\media\89albert_2.jpg --> home.kpn.nl /Genealogy/ancestors_albert_prins/media 89albert_2.jpg
2021.01.27 13:43 B E:\Opslag\Stamboom_temp\Homepage\Homepage_bij_Noelle_KPN\Genealogy\ancestors_albert_prins\media\94596.jpg --> home.kpn.nl /Genealogy/ancestors_albert_prins/media 94596.jpg
2021.01.27 13:43 B E:\Opslag\Stamboom_temp\Homepage\Homepage_bij_Noelle_KPN\Genealogy\ancestors_albert_prins\media\9717_gerrit_baas.jpg --> home.kpn.nl /Genealogy/ancestors_albert_prins/media 9717_gerrit_baas.jpg
2021.01.27 13:43 B E:\Opslag\Stamboom_temp\Homepage\Homepage_bij_Noelle_KPN\Genealogy\ancestors_albert_prins\media\WS_FTP.LOG --> home.kpn.nl /Genealogy/ancestors_albert_prins/media WS_FTP.LOG
2021.01.28 18:58 B E:\Opslag\Stamboom_temp\Homepage\Homepage_bij_Noelle_KPN\Genealogy\ancestors_albert_prins\media\WS_FTP.LOG --> home.kpn.nl /Genealogy/ancestors_albert_prins/media WS_FTP.LOG
