2018.11.24 20:25 B D:\Opslag\Stamboom_temp\Homepage\FamilyPrins\Astronomy\GR\GeneralRelativity_AlbertPrins.pdf --> home.kpn.nl /Astronomy/GR GeneralRelativity_AlbertPrins.pdf
2018.11.26 17:48 B D:\Opslag\Stamboom_temp\Homepage\FamilyPrins\Astronomy\GR\GeneralRelativity_AlbertPrins.pdf --> home.kpn.nl /Astronomy/GR GeneralRelativity_AlbertPrins.pdf
2018.11.27 11:23 B D:\Opslag\Stamboom_temp\Homepage\FamilyPrins\Astronomy\GR\GeneralRelativity_AlbertPrins.pdf --> home.kpn.nl /Astronomy/GR GeneralRelativity_AlbertPrins.pdf
2018.11.27 18:03 B D:\Opslag\Stamboom_temp\Homepage\FamilyPrins\Astronomy\GR\GeneralRelativity_AlbertPrins.pdf --> home.kpn.nl /Astronomy/GR GeneralRelativity_AlbertPrins.pdf
2018.11.28 18:48 B D:\Opslag\Stamboom_temp\Homepage\FamilyPrins\Astronomy\GR\GeneralRelativity_AlbertPrins.pdf --> home.kpn.nl /Astronomy/GR GeneralRelativity_AlbertPrins.pdf
2018.11.29 17:03 B D:\Opslag\Stamboom_temp\Homepage\FamilyPrins\Astronomy\GR\GeneralRelativity_AlbertPrins.pdf --> home.kpn.nl /Astronomy/GR GeneralRelativity_AlbertPrins.pdf
2018.11.30 16:41 B D:\Opslag\Stamboom_temp\Homepage\FamilyPrins\Astronomy\GR\GeneralRelativity_AlbertPrins.pdf --> home.kpn.nl /Astronomy/GR GeneralRelativity_AlbertPrins.pdf
2018.11.30 17:19 B D:\Opslag\Stamboom_temp\Homepage\FamilyPrins\Astronomy\GR\GeneralRelativity_AlbertPrins.pdf --> home.kpn.nl /Astronomy/GR GeneralRelativity_AlbertPrins.pdf
2018.12.03 13:36 B D:\Opslag\Stamboom_temp\Homepage\FamilyPrins\Astronomy\GR\GeneralRelativity_AlbertPrins.pdf --> home.kpn.nl /Astronomy/GR GeneralRelativity_AlbertPrins.pdf
2018.12.03 14:03 B D:\Opslag\Stamboom_temp\Homepage\FamilyPrins\Astronomy\GR\GeneralRelativity_AlbertPrins.pdf --> members.upc.nl /MainPage GeneralRelativity_AlbertPrins.pdf
2018.12.03 14:06 B D:\Opslag\Stamboom_temp\Homepage\FamilyPrins\Astronomy\GR\GeneralRelativity_AlbertPrins.pdf --> home.kpn.nl / GeneralRelativity_AlbertPrins.pdf
2018.12.03 14:09 B D:\Opslag\Stamboom_temp\Homepage\FamilyPrins\Astronomy\GR\index.htm <-- prins_Noelle_KPN / index.htm
2018.12.05 14:55 B D:\Opslag\Stamboom_temp\Homepage\FamilyPrins\Astronomy\GR\GeneralRelativity_AlbertPrins.pdf --> home.kpn.nl /Astronomy/GR GeneralRelativity_AlbertPrins.pdf
2018.12.06 11:38 B D:\Opslag\Stamboom_temp\Homepage\FamilyPrins\Astronomy\GR\GeneralRelativity_AlbertPrins.pdf --> home.kpn.nl /Astronomy/GR GeneralRelativity_AlbertPrins.pdf
2018.12.10 17:46 B D:\Opslag\Stamboom_temp\Homepage\FamilyPrins\Astronomy\GR\ --> home.kpn.nl /Astronomy/GR 
2018.12.10 17:47 B D:\Opslag\Stamboom_temp\Homepage\FamilyPrins\Astronomy\GR\GeneralRelativity_AlbertPrins.pdf --> home.kpn.nl /Astronomy/GR GeneralRelativity_AlbertPrins.pdf
2018.12.11 18:21 B D:\Opslag\Stamboom_temp\Homepage\FamilyPrins\Astronomy\GR\GeneralRelativity_AlbertPrins.pdf --> home.kpn.nl /Astronomy/GR GeneralRelativity_AlbertPrins.pdf
2018.12.12 12:21 B D:\Opslag\Stamboom_temp\Homepage\FamilyPrins\Astronomy\GR\GeneralRelativity_AlbertPrins.pdf --> home.kpn.nl /Astronomy/GR GeneralRelativity_AlbertPrins.pdf
2018.12.22 10:02 B D:\Opslag\Stamboom_temp\Homepage\FamilyPrins\Astronomy\GR\GeneralRelativity_AlbertPrins.pdf --> home.kpn.nl /Astronomy/GR GeneralRelativity_AlbertPrins.pdf
2018.12.23 17:14 B D:\Opslag\Stamboom_temp\Homepage\FamilyPrins\Astronomy\GR\GeneralRelativity_AlbertPrins.pdf --> home.kpn.nl /Astronomy/GR GeneralRelativity_AlbertPrins.pdf
2019.01.08 10:56 B D:\Opslag\Stamboom_temp\Homepage\FamilyPrins\Astronomy\GR\GeneralRelativity_AlbertPrins.pdf --> home.kpn.nl /Astronomy/GR GeneralRelativity_AlbertPrins.pdf
2019.01.08 14:34 B D:\Opslag\Stamboom_temp\Homepage\FamilyPrins\Astronomy\GR\GeneralRelativity_AlbertPrins.pdf --> home.kpn.nl /Astronomy/GR GeneralRelativity_AlbertPrins.pdf
2019.01.08 17:13 B D:\Opslag\Stamboom_temp\Homepage\FamilyPrins\Astronomy\GR\GeneralRelativity_AlbertPrins.pdf --> home.kpn.nl /Astronomy/GR GeneralRelativity_AlbertPrins.pdf
2019.01.08 18:09 B D:\Opslag\Stamboom_temp\Homepage\FamilyPrins\Astronomy\GR\GeneralRelativity_AlbertPrins.pdf --> home.kpn.nl /Astronomy/GR GeneralRelativity_AlbertPrins.pdf
2019.01.09 16:12 B D:\Opslag\Stamboom_temp\Homepage\FamilyPrins\Astronomy\GR\GeneralRelativity_AlbertPrins.pdf --> home.kpn.nl /Astronomy/GR GeneralRelativity_AlbertPrins.pdf
2019.01.09 17:45 B D:\Opslag\Stamboom_temp\Homepage\FamilyPrins\Astronomy\GR\GeneralRelativity_AlbertPrins.pdf --> home.kpn.nl /Astronomy/GR GeneralRelativity_AlbertPrins.pdf
2019.01.13 14:49 B D:\Opslag\Stamboom_temp\Homepage\FamilyPrins\Astronomy\GR\GeneralRelativity_AlbertPrins.pdf --> home.kpn.nl /Astronomy/GR GeneralRelativity_AlbertPrins.pdf
2019.01.13 16:59 B D:\Opslag\Stamboom_temp\Homepage\FamilyPrins\Astronomy\GR\GeneralRelativity_AlbertPrins.pdf --> home.kpn.nl /Astronomy/GR GeneralRelativity_AlbertPrins.pdf
2019.01.13 17:42 B D:\Opslag\Stamboom_temp\Homepage\FamilyPrins\Astronomy\GR\GeneralRelativity_AlbertPrins.pdf --> home.kpn.nl /Astronomy/GR GeneralRelativity_AlbertPrins.pdf
2019.01.22 12:50 B D:\Opslag\Stamboom_temp\Homepage\FamilyPrins\Astronomy\GR\GeneralRelativity_AlbertPrins.pdf --> home.kpn.nl /Astronomy/GR GeneralRelativity_AlbertPrins.pdf
2019.01.23 12:34 B D:\Opslag\Stamboom_temp\Homepage\FamilyPrins\Astronomy\GR\GeneralRelativity_AlbertPrins.pdf --> home.kpn.nl /Astronomy/GR GeneralRelativity_AlbertPrins.pdf
2019.01.24 17:52 B D:\Opslag\Stamboom_temp\Homepage\FamilyPrins\Astronomy\GR\GeneralRelativity_AlbertPrins.pdf --> home.kpn.nl /Astronomy/GR GeneralRelativity_AlbertPrins.pdf
2019.01.28 17:55 B D:\Opslag\Stamboom_temp\Homepage\FamilyPrins\Astronomy\GR\GeneralRelativity_AlbertPrins.pdf --> home.kpn.nl /Astronomy/GR GeneralRelativity_AlbertPrins.pdf
2019.01.30 14:57 B D:\Opslag\Stamboom_temp\Homepage\FamilyPrins\Astronomy\GR\GeneralRelativity_AlbertPrins.pdf --> home.kpn.nl /Astronomy/GR GeneralRelativity_AlbertPrins.pdf
2019.02.03 16:23 B D:\Opslag\Stamboom_temp\Homepage\FamilyPrins\Astronomy\GR\GeneralRelativity_AlbertPrins.pdf --> home.kpn.nl /Astronomy/GR GeneralRelativity_AlbertPrins.pdf
2019.02.10 11:52 B D:\Opslag\Stamboom_temp\Homepage\FamilyPrins\Astronomy\GR\GeneralRelativity_AlbertPrins.pdf --> home.kpn.nl /Astronomy/GR GeneralRelativity_AlbertPrins.pdf
2019.02.27 18:40 B D:\Opslag\Stamboom_temp\Homepage\FamilyPrins\Astronomy\GR\GeneralRelativity_AlbertPrins.pdf --> home.kpn.nl /Astronomy/GR GeneralRelativity_AlbertPrins.pdf
2019.03.04 15:01 B D:\Opslag\Stamboom_temp\Homepage\FamilyPrins\Astronomy\GR\GeneralRelativity_AlbertPrins.pdf --> home.kpn.nl /Astronomy/GR GeneralRelativity_AlbertPrins.pdf
2019.06.08 15:41 B D:\Opslag\Stamboom_temp\Homepage\FamilyPrins\Astronomy\GR\GeneralRelativity_AlbertPrins.pdf --> home.kpn.nl /Astronomy/GR GeneralRelativity_AlbertPrins.pdf
2019.06.10 16:03 B D:\Opslag\Stamboom_temp\Homepage\FamilyPrins\Astronomy\GR\GeneralRelativity_AlbertPrins.pdf --> home.kpn.nl /Astronomy/GR GeneralRelativity_AlbertPrins.pdf
2019.11.29 13:13 B D:\Opslag\Stamboom_temp\Homepage\FamilyPrins\Astronomy\GR\GeneralRelativity_AlbertPrins.pdf --> home.kpn.nl /Astronomy/GR GeneralRelativity_AlbertPrins.pdf
2019.11.29 15:44 B D:\Opslag\Stamboom_temp\Homepage\FamilyPrins\Astronomy\GR\GeneralRelativity_AlbertPrins.pdf --> home.kpn.nl /Astronomy/GR GeneralRelativity_AlbertPrins.pdf
2019.12.02 17:21 B D:\Opslag\Stamboom_temp\Homepage\FamilyPrins\Astronomy\GR\GeneralRelativity_AlbertPrins.pdf --> home.kpn.nl /Astronomy/GR GeneralRelativity_AlbertPrins.pdf
2019.12.03 16:51 B D:\Opslag\Stamboom_temp\Homepage\FamilyPrins\Astronomy\GR\GeneralRelativity_AlbertPrins.pdf --> home.kpn.nl /Astronomy/GR GeneralRelativity_AlbertPrins.pdf
2019.12.06 19:46 B D:\Opslag\Stamboom_temp\Homepage\FamilyPrins\Astronomy\GR\GeneralRelativity_AlbertPrins.pdf --> home.kpn.nl /Astronomy/GR GeneralRelativity_AlbertPrins.pdf
2019.12.11 18:13 B D:\Opslag\Stamboom_temp\Homepage\FamilyPrins\Astronomy\GR\GeneralRelativity_AlbertPrins.pdf --> home.kpn.nl /Astronomy/GR GeneralRelativity_AlbertPrins.pdf
2019.12.12 13:01 B D:\Opslag\Stamboom_temp\Homepage\FamilyPrins\Astronomy\GR\GeneralRelativity_AlbertPrins.pdf --> home.kpn.nl /Astronomy/GR GeneralRelativity_AlbertPrins.pdf
2020.01.11 17:32 B D:\Opslag\Stamboom_temp\Homepage\FamilyPrins\Astronomy\GR\GeneralRelativity_AlbertPrins.pdf --> home.kpn.nl /Astronomy/GR GeneralRelativity_AlbertPrins.pdf
2020.01.28 11:27 B D:\Opslag\Stamboom_temp\Homepage\FamilyPrins\Astronomy\GR\GeneralRelativity_AlbertPrins.pdf --> home.kpn.nl /Astronomy/GR GeneralRelativity_AlbertPrins.pdf
2020.03.26 09:53 B D:\Opslag\Stamboom_temp\Homepage\FamilyPrins\Astronomy\GR\GeneralRelativity_AlbertPrins.pdf --> home.kpn.nl /Astronomy/GR GeneralRelativity_AlbertPrins.pdf
2021.01.27 10:59 B E:\Opslag\Stamboom_temp\Homepage\Homepage_bij_Noelle_KPN\Astronomy\GR\Bullet_Only_27b.docx --> home.kpn.nl /Astronomy/GR Bullet_Only_27b.docx
2021.01.27 10:59 B E:\Opslag\Stamboom_temp\Homepage\Homepage_bij_Noelle_KPN\Astronomy\GR\Bullet_Only_27b.pdf --> home.kpn.nl /Astronomy/GR Bullet_Only_27b.pdf
2021.01.27 10:59 B E:\Opslag\Stamboom_temp\Homepage\Homepage_bij_Noelle_KPN\Astronomy\GR\GeneralRelativity_AlbertPrins_19.pdf --> home.kpn.nl /Astronomy/GR GeneralRelativity_AlbertPrins_19.pdf
2021.01.27 10:59 B E:\Opslag\Stamboom_temp\Homepage\Homepage_bij_Noelle_KPN\Astronomy\GR\GeneralRelativity_AlbertPrins_27a.pdf --> home.kpn.nl /Astronomy/GR GeneralRelativity_AlbertPrins_27a.pdf
2021.01.27 10:59 B E:\Opslag\Stamboom_temp\Homepage\Homepage_bij_Noelle_KPN\Astronomy\GR\GeneralRelativity_AlbertPrins_27bBlue.docx --> home.kpn.nl /Astronomy/GR GeneralRelativity_AlbertPrins_27bBlue.docx
2021.01.27 10:59 B E:\Opslag\Stamboom_temp\Homepage\Homepage_bij_Noelle_KPN\Astronomy\GR\GeneralRelativity_AlbertPrins_31.pdf --> home.kpn.nl /Astronomy/GR GeneralRelativity_AlbertPrins_31.pdf
2021.01.27 10:59 B E:\Opslag\Stamboom_temp\Homepage\Homepage_bij_Noelle_KPN\Astronomy\GR\index.htm --> home.kpn.nl /Astronomy/GR index.htm
2021.01.27 10:59 B E:\Opslag\Stamboom_temp\Homepage\Homepage_bij_Noelle_KPN\Astronomy\GR\WS_FTP.LOG --> home.kpn.nl /Astronomy/GR WS_FTP.LOG
2021.01.27 13:39 B E:\Opslag\Stamboom_temp\Homepage\Homepage_bij_Noelle_KPN\Astronomy\GR\GeneralRelativity_AlbertPrins_19.pdf --> home.kpn.nl /Astronomy/GR GeneralRelativity_AlbertPrins_19.pdf
2021.01.27 13:39 B E:\Opslag\Stamboom_temp\Homepage\Homepage_bij_Noelle_KPN\Astronomy\GR\GeneralRelativity_AlbertPrins_31.pdf --> home.kpn.nl /Astronomy/GR GeneralRelativity_AlbertPrins_31.pdf
2021.01.27 13:39 B E:\Opslag\Stamboom_temp\Homepage\Homepage_bij_Noelle_KPN\Astronomy\GR\index.htm --> home.kpn.nl /Astronomy/GR index.htm
2021.01.27 13:39 B E:\Opslag\Stamboom_temp\Homepage\Homepage_bij_Noelle_KPN\Astronomy\GR\WS_FTP.LOG --> home.kpn.nl /Astronomy/GR WS_FTP.LOG
2022.01.28 11:25 B D:\Opslag\Stamboom_temp\Homepage\Homepage_synology_K&C\Astronomy\GR\GeneralRelativity_AlbertPrins.pdf --> home.kpn.nl /Astronomy/GR GeneralRelativity_AlbertPrins.pdf
2022.01.28 11:26 B D:\Opslag\Stamboom_temp\Homepage\Homepage_synology_K&C\Astronomy\GR\GeneralRelativity_AlbertPrins.pdf --> home.kpn.nl /Astronomy/GR GeneralRelativity_AlbertPrins.pdf
