2012.02.06 09:33 B D:\Opslag\Stamboom_temp\Homepage\HomepageUPC_Albert\Virtual Site\MainPage\bluepin1.gif --> members.upc.nl /MainPage bluepin1.gif
2012.02.06 09:33 B D:\Opslag\Stamboom_temp\Homepage\HomepageUPC_Albert\Virtual Site\MainPage\email.gif --> members.upc.nl /MainPage email.gif
2012.02.06 09:33 B D:\Opslag\Stamboom_temp\Homepage\HomepageUPC_Albert\Virtual Site\MainPage\niceblue.gif --> members.upc.nl /MainPage niceblue.gif
2012.02.06 09:33 B D:\Opslag\Stamboom_temp\Homepage\HomepageUPC_Albert\Virtual Site\MainPage\ScreenshotAllPlanets.gif --> members.upc.nl /MainPage ScreenshotAllPlanets.gif
2012.02.06 09:33 B D:\Opslag\Stamboom_temp\Homepage\HomepageUPC_Albert\Virtual Site\MainPage\ScreenshotAllPlanets.png --> members.upc.nl /MainPage ScreenshotAllPlanets.png
2012.02.06 09:33 B D:\Opslag\Stamboom_temp\Homepage\HomepageUPC_Albert\Virtual Site\MainPage\ScreenshotAllPlanets1.gif --> members.upc.nl /MainPage ScreenshotAllPlanets1.gif
2012.02.06 09:33 B D:\Opslag\Stamboom_temp\Homepage\HomepageUPC_Albert\Virtual Site\MainPage\ScreenshotEarth.gif --> members.upc.nl /MainPage ScreenshotEarth.gif
2012.02.06 09:33 B D:\Opslag\Stamboom_temp\Homepage\HomepageUPC_Albert\Virtual Site\MainPage\ScreenshotEarth.png --> members.upc.nl /MainPage ScreenshotEarth.png
2012.02.06 09:33 B D:\Opslag\Stamboom_temp\Homepage\HomepageUPC_Albert\Virtual Site\MainPage\ScreenshotEarth1.gif --> members.upc.nl /MainPage ScreenshotEarth1.gif
2012.02.06 09:33 B D:\Opslag\Stamboom_temp\Homepage\HomepageUPC_Albert\Virtual Site\MainPage\ScreenshotSun.gif --> members.upc.nl /MainPage ScreenshotSun.gif
2012.02.06 09:33 B D:\Opslag\Stamboom_temp\Homepage\HomepageUPC_Albert\Virtual Site\MainPage\ScreenshotSun.png --> members.upc.nl /MainPage ScreenshotSun.png
2012.02.06 09:33 B D:\Opslag\Stamboom_temp\Homepage\HomepageUPC_Albert\Virtual Site\MainPage\ScreenshotSun1.gif --> members.upc.nl /MainPage ScreenshotSun1.gif
2012.02.06 11:14 B D:\Opslag\Stamboom_temp\Homepage\HomepageUPC_Albert\Virtual Site\MainPage\bluepin1.gif --> members.upc.nl /MainPage bluepin1.gif
2012.02.06 11:14 B D:\Opslag\Stamboom_temp\Homepage\HomepageUPC_Albert\Virtual Site\MainPage\email.gif --> members.upc.nl /MainPage email.gif
2012.02.06 11:14 B D:\Opslag\Stamboom_temp\Homepage\HomepageUPC_Albert\Virtual Site\MainPage\niceblue.gif --> members.upc.nl /MainPage niceblue.gif
2012.02.06 11:14 B D:\Opslag\Stamboom_temp\Homepage\HomepageUPC_Albert\Virtual Site\MainPage\ScreenshotAllPlanets.gif --> members.upc.nl /MainPage ScreenshotAllPlanets.gif
2012.02.06 11:14 B D:\Opslag\Stamboom_temp\Homepage\HomepageUPC_Albert\Virtual Site\MainPage\ScreenshotAllPlanets.png --> members.upc.nl /MainPage ScreenshotAllPlanets.png
2012.02.06 11:14 B D:\Opslag\Stamboom_temp\Homepage\HomepageUPC_Albert\Virtual Site\MainPage\ScreenshotAllPlanets1.gif --> members.upc.nl /MainPage ScreenshotAllPlanets1.gif
2012.02.06 11:14 B D:\Opslag\Stamboom_temp\Homepage\HomepageUPC_Albert\Virtual Site\MainPage\ScreenshotEarth.gif --> members.upc.nl /MainPage ScreenshotEarth.gif
2012.02.06 11:14 B D:\Opslag\Stamboom_temp\Homepage\HomepageUPC_Albert\Virtual Site\MainPage\ScreenshotEarth.png --> members.upc.nl /MainPage ScreenshotEarth.png
2012.02.06 11:14 B D:\Opslag\Stamboom_temp\Homepage\HomepageUPC_Albert\Virtual Site\MainPage\ScreenshotEarth1.gif --> members.upc.nl /MainPage ScreenshotEarth1.gif
2012.02.06 11:14 B D:\Opslag\Stamboom_temp\Homepage\HomepageUPC_Albert\Virtual Site\MainPage\ScreenshotSun.gif --> members.upc.nl /MainPage ScreenshotSun.gif
2012.02.06 11:14 B D:\Opslag\Stamboom_temp\Homepage\HomepageUPC_Albert\Virtual Site\MainPage\ScreenshotSun.png --> members.upc.nl /MainPage ScreenshotSun.png
2012.02.06 11:14 B D:\Opslag\Stamboom_temp\Homepage\HomepageUPC_Albert\Virtual Site\MainPage\ScreenshotSun1.gif --> members.upc.nl /MainPage ScreenshotSun1.gif
2012.02.06 11:14 B D:\Opslag\Stamboom_temp\Homepage\HomepageUPC_Albert\Virtual Site\MainPage\WS_FTP.LOG --> members.upc.nl /MainPage WS_FTP.LOG
2012.02.06 20:20 B D:\Opslag\Stamboom_temp\Homepage\HomepageUPC_Albert\Virtual Site\MainPage\index.htm --> members.upc.nl /MainPage index.htm
2012.02.06 20:20 B D:\Opslag\Stamboom_temp\Homepage\HomepageUPC_Albert\Virtual Site\MainPage\WS_FTP.LOG --> members.upc.nl /MainPage WS_FTP.LOG
2015.09.15 10:58 B D:\Opslag\Stamboom_temp\Homepage\HomepageUPC_Albert\FamilyPrins\MainPage\index.htm --> members.upc.nl /MainPage index.htm
2018.07.02 11:21 B D:\Opslag\Stamboom_temp\Homepage\HomepageUPC_Albert\HomepageUPC_Albert\FamilyPrins\MainPage\index.htm --> members.upc.nl /MainPage index.htm
2018.09.16 12:45 B D:\Opslag\Stamboom_temp\Homepage\HomepageUPC_Albert\HomepageUPC_Albert\FamilyPrins\MainPage\bluepin1.gif --> home.kpn.nl /MainPage bluepin1.gif
2018.09.16 12:45 B D:\Opslag\Stamboom_temp\Homepage\HomepageUPC_Albert\HomepageUPC_Albert\FamilyPrins\MainPage\email.gif --> home.kpn.nl /MainPage email.gif
2018.09.16 12:45 B D:\Opslag\Stamboom_temp\Homepage\HomepageUPC_Albert\HomepageUPC_Albert\FamilyPrins\MainPage\index.htm --> home.kpn.nl /MainPage index.htm
2018.09.16 12:45 B D:\Opslag\Stamboom_temp\Homepage\HomepageUPC_Albert\HomepageUPC_Albert\FamilyPrins\MainPage\index_sky.htm --> home.kpn.nl /MainPage index_sky.htm
2018.09.16 12:45 B D:\Opslag\Stamboom_temp\Homepage\HomepageUPC_Albert\HomepageUPC_Albert\FamilyPrins\MainPage\niceblue.gif --> home.kpn.nl /MainPage niceblue.gif
2018.09.16 12:45 B D:\Opslag\Stamboom_temp\Homepage\HomepageUPC_Albert\HomepageUPC_Albert\FamilyPrins\MainPage\ScreenshotAllPlanets.gif --> home.kpn.nl /MainPage ScreenshotAllPlanets.gif
2018.09.16 12:45 B D:\Opslag\Stamboom_temp\Homepage\HomepageUPC_Albert\HomepageUPC_Albert\FamilyPrins\MainPage\ScreenshotAllPlanets.png --> home.kpn.nl /MainPage ScreenshotAllPlanets.png
2018.09.16 12:45 B D:\Opslag\Stamboom_temp\Homepage\HomepageUPC_Albert\HomepageUPC_Albert\FamilyPrins\MainPage\ScreenshotAllPlanets1.gif --> home.kpn.nl /MainPage ScreenshotAllPlanets1.gif
2018.09.16 12:45 B D:\Opslag\Stamboom_temp\Homepage\HomepageUPC_Albert\HomepageUPC_Albert\FamilyPrins\MainPage\ScreenshotEarth.gif --> home.kpn.nl /MainPage ScreenshotEarth.gif
2018.09.16 12:45 B D:\Opslag\Stamboom_temp\Homepage\HomepageUPC_Albert\HomepageUPC_Albert\FamilyPrins\MainPage\ScreenshotEarth.png --> home.kpn.nl /MainPage ScreenshotEarth.png
2018.09.16 12:45 B D:\Opslag\Stamboom_temp\Homepage\HomepageUPC_Albert\HomepageUPC_Albert\FamilyPrins\MainPage\ScreenshotEarth1.gif --> home.kpn.nl /MainPage ScreenshotEarth1.gif
2018.09.16 12:45 B D:\Opslag\Stamboom_temp\Homepage\HomepageUPC_Albert\HomepageUPC_Albert\FamilyPrins\MainPage\ScreenshotSun.gif --> home.kpn.nl /MainPage ScreenshotSun.gif
2018.09.16 12:45 B D:\Opslag\Stamboom_temp\Homepage\HomepageUPC_Albert\HomepageUPC_Albert\FamilyPrins\MainPage\ScreenshotSun.png --> home.kpn.nl /MainPage ScreenshotSun.png
2018.09.16 12:45 B D:\Opslag\Stamboom_temp\Homepage\HomepageUPC_Albert\HomepageUPC_Albert\FamilyPrins\MainPage\ScreenshotSun1.gif --> home.kpn.nl /MainPage ScreenshotSun1.gif
2018.09.16 12:45 B D:\Opslag\Stamboom_temp\Homepage\HomepageUPC_Albert\HomepageUPC_Albert\FamilyPrins\MainPage\WS_FTP.LOG --> home.kpn.nl /MainPage WS_FTP.LOG
2018.09.16 12:49 B D:\Opslag\Stamboom_temp\Homepage\HomepageUPC_Albert\HomepageUPC_Albert\FamilyPrins\MainPage\index.htm --> members.upc.nl /MainPage index.htm
2018.09.16 12:49 B D:\Opslag\Stamboom_temp\Homepage\HomepageUPC_Albert\HomepageUPC_Albert\FamilyPrins\MainPage\index_sky.htm --> members.upc.nl /MainPage index_sky.htm
2018.09.16 12:49 B D:\Opslag\Stamboom_temp\Homepage\HomepageUPC_Albert\HomepageUPC_Albert\FamilyPrins\MainPage\WS_FTP.LOG --> members.upc.nl /MainPage WS_FTP.LOG
2018.09.16 12:51 B D:\Opslag\Stamboom_temp\Homepage\HomepageUPC_Albert\HomepageUPC_Albert\FamilyPrins\MainPage\index.htm --> members.upc.nl /MainPage index.htm
2018.09.16 12:51 B D:\Opslag\Stamboom_temp\Homepage\HomepageUPC_Albert\HomepageUPC_Albert\FamilyPrins\MainPage\index_sky.htm --> members.upc.nl /MainPage index_sky.htm
2018.09.16 12:51 B D:\Opslag\Stamboom_temp\Homepage\HomepageUPC_Albert\HomepageUPC_Albert\FamilyPrins\MainPage\WS_FTP.LOG --> members.upc.nl /MainPage WS_FTP.LOG
2018.09.17 09:43 B D:\Opslag\Stamboom_temp\Homepage\HomepageUPC_Albert\HomepageUPC_Albert\FamilyPrins\MainPage\index.htm --> members.upc.nl /MainPage index.htm
2018.09.17 09:43 B D:\Opslag\Stamboom_temp\Homepage\HomepageUPC_Albert\HomepageUPC_Albert\FamilyPrins\MainPage\index_sky.htm --> members.upc.nl /MainPage index_sky.htm
2018.09.17 09:43 B D:\Opslag\Stamboom_temp\Homepage\HomepageUPC_Albert\HomepageUPC_Albert\FamilyPrins\MainPage\WS_FTP.LOG --> members.upc.nl /MainPage WS_FTP.LOG
2021.01.25 11:21 B E:\Opslag\Stamboom_temp\Homepage\HomepageUPC_Albert\HomepageUPC_Albert\FamilyPrins\MainPage\bluepin1.gif --> home.kpn.nl /MainPage bluepin1.gif
2021.01.25 11:21 B E:\Opslag\Stamboom_temp\Homepage\HomepageUPC_Albert\HomepageUPC_Albert\FamilyPrins\MainPage\email.gif --> home.kpn.nl /MainPage email.gif
2021.01.25 11:21 B E:\Opslag\Stamboom_temp\Homepage\HomepageUPC_Albert\HomepageUPC_Albert\FamilyPrins\MainPage\index.htm --> home.kpn.nl /MainPage index.htm
2021.01.25 11:21 B E:\Opslag\Stamboom_temp\Homepage\HomepageUPC_Albert\HomepageUPC_Albert\FamilyPrins\MainPage\index_sky.htm --> home.kpn.nl /MainPage index_sky.htm
2021.01.25 11:21 B E:\Opslag\Stamboom_temp\Homepage\HomepageUPC_Albert\HomepageUPC_Albert\FamilyPrins\MainPage\niceblue.gif --> home.kpn.nl /MainPage niceblue.gif
2021.01.25 11:21 B E:\Opslag\Stamboom_temp\Homepage\HomepageUPC_Albert\HomepageUPC_Albert\FamilyPrins\MainPage\ScreenshotAllPlanets.gif --> home.kpn.nl /MainPage ScreenshotAllPlanets.gif
2021.01.25 11:21 B E:\Opslag\Stamboom_temp\Homepage\HomepageUPC_Albert\HomepageUPC_Albert\FamilyPrins\MainPage\ScreenshotAllPlanets.png --> home.kpn.nl /MainPage ScreenshotAllPlanets.png
2021.01.25 11:21 B E:\Opslag\Stamboom_temp\Homepage\HomepageUPC_Albert\HomepageUPC_Albert\FamilyPrins\MainPage\ScreenshotAllPlanets1.gif --> home.kpn.nl /MainPage ScreenshotAllPlanets1.gif
2021.01.25 11:21 B E:\Opslag\Stamboom_temp\Homepage\HomepageUPC_Albert\HomepageUPC_Albert\FamilyPrins\MainPage\ScreenshotEarth.gif --> home.kpn.nl /MainPage ScreenshotEarth.gif
2021.01.25 11:21 B E:\Opslag\Stamboom_temp\Homepage\HomepageUPC_Albert\HomepageUPC_Albert\FamilyPrins\MainPage\ScreenshotEarth.png --> home.kpn.nl /MainPage ScreenshotEarth.png
2021.01.25 11:21 B E:\Opslag\Stamboom_temp\Homepage\HomepageUPC_Albert\HomepageUPC_Albert\FamilyPrins\MainPage\ScreenshotEarth1.gif --> home.kpn.nl /MainPage ScreenshotEarth1.gif
2021.01.25 11:21 B E:\Opslag\Stamboom_temp\Homepage\HomepageUPC_Albert\HomepageUPC_Albert\FamilyPrins\MainPage\ScreenshotSun.gif --> home.kpn.nl /MainPage ScreenshotSun.gif
2021.01.25 11:21 B E:\Opslag\Stamboom_temp\Homepage\HomepageUPC_Albert\HomepageUPC_Albert\FamilyPrins\MainPage\ScreenshotSun.png --> home.kpn.nl /MainPage ScreenshotSun.png
2021.01.25 11:21 B E:\Opslag\Stamboom_temp\Homepage\HomepageUPC_Albert\HomepageUPC_Albert\FamilyPrins\MainPage\ScreenshotSun1.gif --> home.kpn.nl /MainPage ScreenshotSun1.gif
2021.01.25 11:21 B E:\Opslag\Stamboom_temp\Homepage\HomepageUPC_Albert\HomepageUPC_Albert\FamilyPrins\MainPage\WS_FTP.LOG --> home.kpn.nl /MainPage WS_FTP.LOG
2021.01.25 11:27 B E:\Opslag\Stamboom_temp\Homepage\HomepageUPC_Albert\HomepageUPC_Albert\FamilyPrins\MainPage\bluepin1.gif --> home.kpn.nl /MainPage bluepin1.gif
2021.01.25 11:27 B E:\Opslag\Stamboom_temp\Homepage\HomepageUPC_Albert\HomepageUPC_Albert\FamilyPrins\MainPage\email.gif --> home.kpn.nl /MainPage email.gif
2021.01.25 11:27 B E:\Opslag\Stamboom_temp\Homepage\HomepageUPC_Albert\HomepageUPC_Albert\FamilyPrins\MainPage\index.htm --> home.kpn.nl /MainPage index.htm
2021.01.25 11:27 B E:\Opslag\Stamboom_temp\Homepage\HomepageUPC_Albert\HomepageUPC_Albert\FamilyPrins\MainPage\index_sky.htm --> home.kpn.nl /MainPage index_sky.htm
2021.01.25 11:27 B E:\Opslag\Stamboom_temp\Homepage\HomepageUPC_Albert\HomepageUPC_Albert\FamilyPrins\MainPage\niceblue.gif --> home.kpn.nl /MainPage niceblue.gif
2021.01.25 11:27 B E:\Opslag\Stamboom_temp\Homepage\HomepageUPC_Albert\HomepageUPC_Albert\FamilyPrins\MainPage\ScreenshotAllPlanets.png --> home.kpn.nl /MainPage ScreenshotAllPlanets.png
2021.01.25 11:27 B E:\Opslag\Stamboom_temp\Homepage\HomepageUPC_Albert\HomepageUPC_Albert\FamilyPrins\MainPage\ScreenshotEarth.png --> home.kpn.nl /MainPage ScreenshotEarth.png
2021.01.25 11:27 B E:\Opslag\Stamboom_temp\Homepage\HomepageUPC_Albert\HomepageUPC_Albert\FamilyPrins\MainPage\ScreenshotSun.png --> home.kpn.nl /MainPage ScreenshotSun.png
2021.01.25 11:27 B E:\Opslag\Stamboom_temp\Homepage\HomepageUPC_Albert\HomepageUPC_Albert\FamilyPrins\MainPage\WS_FTP.LOG --> home.kpn.nl /MainPage WS_FTP.LOG
2021.01.25 13:51 B E:\Opslag\Stamboom_temp\Homepage\FamilyPrins\Genealogy\MainPage\index.htm --> home.kpn.nl /MainPage index.htm
2021.01.27 11:02 B E:\Opslag\Stamboom_temp\Homepage\Homepage_bij_Noelle_KPN\Genealogy\MainPage\bluepin1.gif --> home.kpn.nl /MainPage bluepin1.gif
2021.01.27 11:02 B E:\Opslag\Stamboom_temp\Homepage\Homepage_bij_Noelle_KPN\Genealogy\MainPage\email.gif --> home.kpn.nl /MainPage email.gif
2021.01.27 11:02 B E:\Opslag\Stamboom_temp\Homepage\Homepage_bij_Noelle_KPN\Genealogy\MainPage\index.htm --> home.kpn.nl /MainPage index.htm
2021.01.27 11:02 B E:\Opslag\Stamboom_temp\Homepage\Homepage_bij_Noelle_KPN\Genealogy\MainPage\index_sky.htm --> home.kpn.nl /MainPage index_sky.htm
2021.01.27 11:02 B E:\Opslag\Stamboom_temp\Homepage\Homepage_bij_Noelle_KPN\Genealogy\MainPage\niceblue.gif --> home.kpn.nl /MainPage niceblue.gif
2021.01.27 11:02 B E:\Opslag\Stamboom_temp\Homepage\Homepage_bij_Noelle_KPN\Genealogy\MainPage\ScreenshotAllPlanets.png --> home.kpn.nl /MainPage ScreenshotAllPlanets.png
2021.01.27 11:02 B E:\Opslag\Stamboom_temp\Homepage\Homepage_bij_Noelle_KPN\Genealogy\MainPage\ScreenshotEarth.png --> home.kpn.nl /MainPage ScreenshotEarth.png
2021.01.27 11:02 B E:\Opslag\Stamboom_temp\Homepage\Homepage_bij_Noelle_KPN\Genealogy\MainPage\ScreenshotSun.png --> home.kpn.nl /MainPage ScreenshotSun.png
2021.01.27 11:02 B E:\Opslag\Stamboom_temp\Homepage\Homepage_bij_Noelle_KPN\Genealogy\MainPage\WS_FTP.LOG --> home.kpn.nl /MainPage WS_FTP.LOG
2021.01.27 13:39 B E:\Opslag\Stamboom_temp\Homepage\Homepage_bij_Noelle_KPN\MainPage\bluepin1.gif --> home.kpn.nl /MainPage bluepin1.gif
2021.01.27 13:39 B E:\Opslag\Stamboom_temp\Homepage\Homepage_bij_Noelle_KPN\MainPage\email.gif --> home.kpn.nl /MainPage email.gif
2021.01.27 13:39 B E:\Opslag\Stamboom_temp\Homepage\Homepage_bij_Noelle_KPN\MainPage\index.htm --> home.kpn.nl /MainPage index.htm
2021.01.27 13:39 B E:\Opslag\Stamboom_temp\Homepage\Homepage_bij_Noelle_KPN\MainPage\index_sky.htm --> home.kpn.nl /MainPage index_sky.htm
2021.01.27 13:39 B E:\Opslag\Stamboom_temp\Homepage\Homepage_bij_Noelle_KPN\MainPage\niceblue.gif --> home.kpn.nl /MainPage niceblue.gif
2021.01.27 13:39 B E:\Opslag\Stamboom_temp\Homepage\Homepage_bij_Noelle_KPN\MainPage\ScreenshotAllPlanets.png --> home.kpn.nl /MainPage ScreenshotAllPlanets.png
2021.01.27 13:39 B E:\Opslag\Stamboom_temp\Homepage\Homepage_bij_Noelle_KPN\MainPage\ScreenshotEarth.png --> home.kpn.nl /MainPage ScreenshotEarth.png
2021.01.27 13:39 B E:\Opslag\Stamboom_temp\Homepage\Homepage_bij_Noelle_KPN\MainPage\ScreenshotSun.png --> home.kpn.nl /MainPage ScreenshotSun.png
2021.01.27 13:39 B E:\Opslag\Stamboom_temp\Homepage\Homepage_bij_Noelle_KPN\MainPage\WS_FTP.LOG --> home.kpn.nl /MainPage WS_FTP.LOG
2021.01.27 13:42 B E:\Opslag\Stamboom_temp\Homepage\Homepage_bij_Noelle_KPN\MainPage\bluepin1.gif --> home.kpn.nl /MainPage bluepin1.gif
2021.01.27 13:42 B E:\Opslag\Stamboom_temp\Homepage\Homepage_bij_Noelle_KPN\MainPage\email.gif --> home.kpn.nl /MainPage email.gif
2021.01.27 13:42 B E:\Opslag\Stamboom_temp\Homepage\Homepage_bij_Noelle_KPN\MainPage\index_sky.htm --> home.kpn.nl /MainPage index_sky.htm
2021.01.27 13:42 B E:\Opslag\Stamboom_temp\Homepage\Homepage_bij_Noelle_KPN\MainPage\niceblue.gif --> home.kpn.nl /MainPage niceblue.gif
2021.01.27 13:42 B E:\Opslag\Stamboom_temp\Homepage\Homepage_bij_Noelle_KPN\MainPage\ScreenshotAllPlanets.png --> home.kpn.nl /MainPage ScreenshotAllPlanets.png
2021.01.27 13:42 B E:\Opslag\Stamboom_temp\Homepage\Homepage_bij_Noelle_KPN\MainPage\ScreenshotEarth.png --> home.kpn.nl /MainPage ScreenshotEarth.png
2021.01.27 13:42 B E:\Opslag\Stamboom_temp\Homepage\Homepage_bij_Noelle_KPN\MainPage\ScreenshotSun.png --> home.kpn.nl /MainPage ScreenshotSun.png
2021.01.27 13:42 B E:\Opslag\Stamboom_temp\Homepage\Homepage_bij_Noelle_KPN\MainPage\WS_FTP.LOG --> home.kpn.nl /MainPage WS_FTP.LOG
2021.01.28 12:13 B E:\Opslag\Stamboom_temp\Homepage\Homepage_bij_Noelle_KPN\MainPage\bluepin1.gif --> home.kpn.nl /MainPage bluepin1.gif
2021.01.28 12:13 B E:\Opslag\Stamboom_temp\Homepage\Homepage_bij_Noelle_KPN\MainPage\email.gif --> home.kpn.nl /MainPage email.gif
2021.01.28 12:13 B E:\Opslag\Stamboom_temp\Homepage\Homepage_bij_Noelle_KPN\MainPage\index_sky.htm --> home.kpn.nl /MainPage index_sky.htm
2021.01.28 12:13 B E:\Opslag\Stamboom_temp\Homepage\Homepage_bij_Noelle_KPN\MainPage\niceblue.gif --> home.kpn.nl /MainPage niceblue.gif
2021.01.28 12:13 B E:\Opslag\Stamboom_temp\Homepage\Homepage_bij_Noelle_KPN\MainPage\ScreenshotAllPlanets.png --> home.kpn.nl /MainPage ScreenshotAllPlanets.png
2021.01.28 12:13 B E:\Opslag\Stamboom_temp\Homepage\Homepage_bij_Noelle_KPN\MainPage\ScreenshotEarth.png --> home.kpn.nl /MainPage ScreenshotEarth.png
2021.01.28 12:13 B E:\Opslag\Stamboom_temp\Homepage\Homepage_bij_Noelle_KPN\MainPage\ScreenshotSun.png --> home.kpn.nl /MainPage ScreenshotSun.png
2021.01.28 12:13 B E:\Opslag\Stamboom_temp\Homepage\Homepage_bij_Noelle_KPN\MainPage\WS_FTP.LOG --> home.kpn.nl /MainPage WS_FTP.LOG
2021.01.28 14:08 B E:\Opslag\Stamboom_temp\Homepage\Homepage_bij_Noelle_KPN\MainPage\index.htm --> home.kpn.nl /MainPage index.htm
2021.01.29 10:37 B E:\Opslag\Stamboom_temp\Homepage\Homepage_bij_Noelle_KPN\MainPage\index.htm --> home.kpn.nl /MainPage index.htm
