2018.09.16 11:55 B D:\Opslag\Stamboom_temp\Homepage\FamilyPrins\Astronomy\Albert Einstein_lorentz transformatie_eng_files\colorschememapping.xml --> home.kpn.nl /Astronomy/Albert Einstein_lorentz transformatie_eng_files colorschememapping.xml
2018.09.16 11:55 B D:\Opslag\Stamboom_temp\Homepage\FamilyPrins\Astronomy\Albert Einstein_lorentz transformatie_eng_files\filelist.xml --> home.kpn.nl /Astronomy/Albert Einstein_lorentz transformatie_eng_files filelist.xml
2018.09.16 11:55 B D:\Opslag\Stamboom_temp\Homepage\FamilyPrins\Astronomy\Albert Einstein_lorentz transformatie_eng_files\image001.gif --> home.kpn.nl /Astronomy/Albert Einstein_lorentz transformatie_eng_files image001.gif
2018.09.16 11:55 B D:\Opslag\Stamboom_temp\Homepage\FamilyPrins\Astronomy\Albert Einstein_lorentz transformatie_eng_files\image002.gif --> home.kpn.nl /Astronomy/Albert Einstein_lorentz transformatie_eng_files image002.gif
2018.09.16 11:55 B D:\Opslag\Stamboom_temp\Homepage\FamilyPrins\Astronomy\Albert Einstein_lorentz transformatie_eng_files\image003.gif --> home.kpn.nl /Astronomy/Albert Einstein_lorentz transformatie_eng_files image003.gif
2018.09.16 11:55 B D:\Opslag\Stamboom_temp\Homepage\FamilyPrins\Astronomy\Albert Einstein_lorentz transformatie_eng_files\image004.gif --> home.kpn.nl /Astronomy/Albert Einstein_lorentz transformatie_eng_files image004.gif
2018.09.16 11:55 B D:\Opslag\Stamboom_temp\Homepage\FamilyPrins\Astronomy\Albert Einstein_lorentz transformatie_eng_files\image005.gif --> home.kpn.nl /Astronomy/Albert Einstein_lorentz transformatie_eng_files image005.gif
2018.09.16 11:55 B D:\Opslag\Stamboom_temp\Homepage\FamilyPrins\Astronomy\Albert Einstein_lorentz transformatie_eng_files\image006.gif --> home.kpn.nl /Astronomy/Albert Einstein_lorentz transformatie_eng_files image006.gif
2018.09.16 11:55 B D:\Opslag\Stamboom_temp\Homepage\FamilyPrins\Astronomy\Albert Einstein_lorentz transformatie_eng_files\image007.gif --> home.kpn.nl /Astronomy/Albert Einstein_lorentz transformatie_eng_files image007.gif
2018.09.16 11:55 B D:\Opslag\Stamboom_temp\Homepage\FamilyPrins\Astronomy\Albert Einstein_lorentz transformatie_eng_files\image008.gif --> home.kpn.nl /Astronomy/Albert Einstein_lorentz transformatie_eng_files image008.gif
2018.09.16 11:55 B D:\Opslag\Stamboom_temp\Homepage\FamilyPrins\Astronomy\Albert Einstein_lorentz transformatie_eng_files\image009.gif --> home.kpn.nl /Astronomy/Albert Einstein_lorentz transformatie_eng_files image009.gif
2018.09.16 11:55 B D:\Opslag\Stamboom_temp\Homepage\FamilyPrins\Astronomy\Albert Einstein_lorentz transformatie_eng_files\image010.gif --> home.kpn.nl /Astronomy/Albert Einstein_lorentz transformatie_eng_files image010.gif
2018.09.16 11:55 B D:\Opslag\Stamboom_temp\Homepage\FamilyPrins\Astronomy\Albert Einstein_lorentz transformatie_eng_files\image011.gif --> home.kpn.nl /Astronomy/Albert Einstein_lorentz transformatie_eng_files image011.gif
2018.09.16 11:55 B D:\Opslag\Stamboom_temp\Homepage\FamilyPrins\Astronomy\Albert Einstein_lorentz transformatie_eng_files\image012.gif --> home.kpn.nl /Astronomy/Albert Einstein_lorentz transformatie_eng_files image012.gif
2018.09.16 11:55 B D:\Opslag\Stamboom_temp\Homepage\FamilyPrins\Astronomy\Albert Einstein_lorentz transformatie_eng_files\image013.gif --> home.kpn.nl /Astronomy/Albert Einstein_lorentz transformatie_eng_files image013.gif
2018.09.16 11:55 B D:\Opslag\Stamboom_temp\Homepage\FamilyPrins\Astronomy\Albert Einstein_lorentz transformatie_eng_files\image014.gif --> home.kpn.nl /Astronomy/Albert Einstein_lorentz transformatie_eng_files image014.gif
2018.09.16 11:55 B D:\Opslag\Stamboom_temp\Homepage\FamilyPrins\Astronomy\Albert Einstein_lorentz transformatie_eng_files\image015.gif --> home.kpn.nl /Astronomy/Albert Einstein_lorentz transformatie_eng_files image015.gif
2018.09.16 11:55 B D:\Opslag\Stamboom_temp\Homepage\FamilyPrins\Astronomy\Albert Einstein_lorentz transformatie_eng_files\image016.gif --> home.kpn.nl /Astronomy/Albert Einstein_lorentz transformatie_eng_files image016.gif
2018.09.16 11:55 B D:\Opslag\Stamboom_temp\Homepage\FamilyPrins\Astronomy\Albert Einstein_lorentz transformatie_eng_files\image017.gif --> home.kpn.nl /Astronomy/Albert Einstein_lorentz transformatie_eng_files image017.gif
2018.09.16 11:55 B D:\Opslag\Stamboom_temp\Homepage\FamilyPrins\Astronomy\Albert Einstein_lorentz transformatie_eng_files\image018.gif --> home.kpn.nl /Astronomy/Albert Einstein_lorentz transformatie_eng_files image018.gif
2018.09.16 11:55 B D:\Opslag\Stamboom_temp\Homepage\FamilyPrins\Astronomy\Albert Einstein_lorentz transformatie_eng_files\image019.gif --> home.kpn.nl /Astronomy/Albert Einstein_lorentz transformatie_eng_files image019.gif
2018.09.16 11:55 B D:\Opslag\Stamboom_temp\Homepage\FamilyPrins\Astronomy\Albert Einstein_lorentz transformatie_eng_files\image020.gif --> home.kpn.nl /Astronomy/Albert Einstein_lorentz transformatie_eng_files image020.gif
2018.09.16 11:55 B D:\Opslag\Stamboom_temp\Homepage\FamilyPrins\Astronomy\Albert Einstein_lorentz transformatie_eng_files\image021.gif --> home.kpn.nl /Astronomy/Albert Einstein_lorentz transformatie_eng_files image021.gif
2018.09.16 11:55 B D:\Opslag\Stamboom_temp\Homepage\FamilyPrins\Astronomy\Albert Einstein_lorentz transformatie_eng_files\image022.gif --> home.kpn.nl /Astronomy/Albert Einstein_lorentz transformatie_eng_files image022.gif
2018.09.16 11:55 B D:\Opslag\Stamboom_temp\Homepage\FamilyPrins\Astronomy\Albert Einstein_lorentz transformatie_eng_files\image023.gif --> home.kpn.nl /Astronomy/Albert Einstein_lorentz transformatie_eng_files image023.gif
2018.09.16 11:55 B D:\Opslag\Stamboom_temp\Homepage\FamilyPrins\Astronomy\Albert Einstein_lorentz transformatie_eng_files\image024.gif --> home.kpn.nl /Astronomy/Albert Einstein_lorentz transformatie_eng_files image024.gif
2018.09.16 11:55 B D:\Opslag\Stamboom_temp\Homepage\FamilyPrins\Astronomy\Albert Einstein_lorentz transformatie_eng_files\image025.gif --> home.kpn.nl /Astronomy/Albert Einstein_lorentz transformatie_eng_files image025.gif
2018.09.16 11:55 B D:\Opslag\Stamboom_temp\Homepage\FamilyPrins\Astronomy\Albert Einstein_lorentz transformatie_eng_files\image026.gif --> home.kpn.nl /Astronomy/Albert Einstein_lorentz transformatie_eng_files image026.gif
2018.09.16 11:55 B D:\Opslag\Stamboom_temp\Homepage\FamilyPrins\Astronomy\Albert Einstein_lorentz transformatie_eng_files\image027.gif --> home.kpn.nl /Astronomy/Albert Einstein_lorentz transformatie_eng_files image027.gif
2018.09.16 11:55 B D:\Opslag\Stamboom_temp\Homepage\FamilyPrins\Astronomy\Albert Einstein_lorentz transformatie_eng_files\image028.gif --> home.kpn.nl /Astronomy/Albert Einstein_lorentz transformatie_eng_files image028.gif
2018.09.16 11:55 B D:\Opslag\Stamboom_temp\Homepage\FamilyPrins\Astronomy\Albert Einstein_lorentz transformatie_eng_files\image029.gif --> home.kpn.nl /Astronomy/Albert Einstein_lorentz transformatie_eng_files image029.gif
2018.09.16 11:55 B D:\Opslag\Stamboom_temp\Homepage\FamilyPrins\Astronomy\Albert Einstein_lorentz transformatie_eng_files\image030.gif --> home.kpn.nl /Astronomy/Albert Einstein_lorentz transformatie_eng_files image030.gif
2018.09.16 11:55 B D:\Opslag\Stamboom_temp\Homepage\FamilyPrins\Astronomy\Albert Einstein_lorentz transformatie_eng_files\image031.gif --> home.kpn.nl /Astronomy/Albert Einstein_lorentz transformatie_eng_files image031.gif
2018.09.16 11:55 B D:\Opslag\Stamboom_temp\Homepage\FamilyPrins\Astronomy\Albert Einstein_lorentz transformatie_eng_files\image032.gif --> home.kpn.nl /Astronomy/Albert Einstein_lorentz transformatie_eng_files image032.gif
2018.09.16 11:55 B D:\Opslag\Stamboom_temp\Homepage\FamilyPrins\Astronomy\Albert Einstein_lorentz transformatie_eng_files\image033.gif --> home.kpn.nl /Astronomy/Albert Einstein_lorentz transformatie_eng_files image033.gif
2018.09.16 11:55 B D:\Opslag\Stamboom_temp\Homepage\FamilyPrins\Astronomy\Albert Einstein_lorentz transformatie_eng_files\image034.gif --> home.kpn.nl /Astronomy/Albert Einstein_lorentz transformatie_eng_files image034.gif
2018.09.16 11:55 B D:\Opslag\Stamboom_temp\Homepage\FamilyPrins\Astronomy\Albert Einstein_lorentz transformatie_eng_files\image035.gif --> home.kpn.nl /Astronomy/Albert Einstein_lorentz transformatie_eng_files image035.gif
2018.09.16 11:55 B D:\Opslag\Stamboom_temp\Homepage\FamilyPrins\Astronomy\Albert Einstein_lorentz transformatie_eng_files\image036.gif --> home.kpn.nl /Astronomy/Albert Einstein_lorentz transformatie_eng_files image036.gif
2018.09.16 11:55 B D:\Opslag\Stamboom_temp\Homepage\FamilyPrins\Astronomy\Albert Einstein_lorentz transformatie_eng_files\image037.gif --> home.kpn.nl /Astronomy/Albert Einstein_lorentz transformatie_eng_files image037.gif
2018.09.16 11:55 B D:\Opslag\Stamboom_temp\Homepage\FamilyPrins\Astronomy\Albert Einstein_lorentz transformatie_eng_files\image038.gif --> home.kpn.nl /Astronomy/Albert Einstein_lorentz transformatie_eng_files image038.gif
2018.09.16 11:55 B D:\Opslag\Stamboom_temp\Homepage\FamilyPrins\Astronomy\Albert Einstein_lorentz transformatie_eng_files\image039.gif --> home.kpn.nl /Astronomy/Albert Einstein_lorentz transformatie_eng_files image039.gif
2018.09.16 11:55 B D:\Opslag\Stamboom_temp\Homepage\FamilyPrins\Astronomy\Albert Einstein_lorentz transformatie_eng_files\image040.gif --> home.kpn.nl /Astronomy/Albert Einstein_lorentz transformatie_eng_files image040.gif
2018.09.16 11:55 B D:\Opslag\Stamboom_temp\Homepage\FamilyPrins\Astronomy\Albert Einstein_lorentz transformatie_eng_files\image041.gif --> home.kpn.nl /Astronomy/Albert Einstein_lorentz transformatie_eng_files image041.gif
2018.09.16 11:55 B D:\Opslag\Stamboom_temp\Homepage\FamilyPrins\Astronomy\Albert Einstein_lorentz transformatie_eng_files\themedata.thmx --> home.kpn.nl /Astronomy/Albert Einstein_lorentz transformatie_eng_files themedata.thmx
2021.01.27 10:59 B E:\Opslag\Stamboom_temp\Homepage\Homepage_bij_Noelle_KPN\Astronomy\Albert Einstein_lorentz transformatie_eng_files\WS_FTP.LOG --> home.kpn.nl /Astronomy/Albert Einstein_lorentz transformatie_eng_files WS_FTP.LOG
2021.01.27 13:39 B E:\Opslag\Stamboom_temp\Homepage\Homepage_bij_Noelle_KPN\Astronomy\Albert Einstein_lorentz transformatie_eng_files\WS_FTP.LOG --> home.kpn.nl /Astronomy/Albert Einstein_lorentz transformatie_eng_files WS_FTP.LOG
